Removed Pin From Net: NetName=NetC14_1 Pin=C14-1
Removed Pin From Net: NetName=DGND Pin=C14-2
Removed Pin From Net: NetName=DGND Pin=C36-N
Removed Pin From Net: NetName=+5V Pin=C36-P
Removed Pin From Net: NetName=NetC14_1 Pin=R8-1
Removed Pin From Net: NetName=+5V Pin=R8-2
Removed Pin From Net: NetName=NetC14_1 Pin=T3-1
Removed Pin From Net: NetName=DGND Pin=T3-2
Removed Pin From Net: NetName=NetR4_1 Pin=T3-3
Removed Pin From Net: NetName=Vref+5V Pin=U3-3
Removed Pin From Net: NetName=Vref+5V Pin=U4-1
Removed Pin From Net: NetName=D14 Pin=U17-1
Removed Pin From Net: NetName=D15 Pin=U17-2
Removed Pin From Net: NetName=D16 Pin=U17-3
Removed Pin From Net: NetName=Vout-3 Pin=U17-5
Removed Pin From Net: NetName=NetC35_1 Pin=U17-6
Removed Pin From Net: NetName=Vout-2 Pin=U17-7
Removed Pin From Net: NetName=NetC25_1 Pin=U17-8
Removed Pin From Net: NetName=AGND Pin=U17-9
Removed Pin From Net: NetName=Vout-1 Pin=U17-10
Removed Pin From Net: NetName=NetC26_2 Pin=U17-11
Removed Pin From Net: NetName=Vout-0 Pin=U17-13
Removed Pin From Net: NetName=DGND Pin=U17-15
Removed Pin From Net: NetName=NetR45_2 Pin=U17-17
Removed Pin From Net: NetName=DGND Pin=U17-18
Removed Pin From Net: NetName=NetR45_2 Pin=U17-19
Removed Pin From Net: NetName=A0 Pin=U17-20
Removed Pin From Net: NetName=A1 Pin=U17-21
Removed Pin From Net: NetName=+5V Pin=U17-24
Removed Pin From Net: NetName=DGND Pin=U17-25
Removed Pin From Net: NetName=A2 Pin=U17-26
Removed Pin From Net: NetName=+5V Pin=U17-27
Removed Pin From Net: NetName=DGND Pin=U17-29
Removed Pin From Net: NetName=DGND Pin=U17-30
Removed Pin From Net: NetName=+5V Pin=U17-34
Removed Pin From Net: NetName=Vout-7 Pin=U17-36
Removed Pin From Net: NetName=NetC26_2 Pin=U17-38
Removed Pin From Net: NetName=Vout-6 Pin=U17-39
Removed Pin From Net: NetName=AGND Pin=U17-40
Removed Pin From Net: NetName=NetC25_1 Pin=U17-41
Removed Pin From Net: NetName=Vout-5 Pin=U17-42
Removed Pin From Net: NetName=NetC35_1 Pin=U17-43
Removed Pin From Net: NetName=Vout-4 Pin=U17-44
Removed Pin From Net: NetName=D1 Pin=U17-46
Removed Pin From Net: NetName=D2 Pin=U17-47
Removed Pin From Net: NetName=D3 Pin=U17-48
Removed Pin From Net: NetName=D4 Pin=U17-49
Removed Pin From Net: NetName=D5 Pin=U17-50
Removed Pin From Net: NetName=D6 Pin=U17-51
Removed Pin From Net: NetName=D7 Pin=U17-52
Removed Pin From Net: NetName=DGND Pin=U17-54
Removed Pin From Net: NetName=+5V Pin=U17-55
Removed Pin From Net: NetName=+5V Pin=U17-56
Removed Pin From Net: NetName=DGND Pin=U17-57
Removed Pin From Net: NetName=NetU14_19 Pin=U17-58
Removed Pin From Net: NetName=D8 Pin=U17-59
Removed Pin From Net: NetName=D9 Pin=U17-60
Removed Pin From Net: NetName=D10 Pin=U17-61
Removed Pin From Net: NetName=D11 Pin=U17-62
Removed Pin From Net: NetName=D12 Pin=U17-63
Removed Pin From Net: NetName=D13 Pin=U17-64
Added Component: Designator=C14(cap0603MD)
Add component (AddParameter): Name = "Author"; Value = "Twe"; VariantName = "[No Variations]"
Add component (AddParameter): Name = "Capacitance"; Value = "1u"; VariantName = "[No Variations]"
Add component (AddParameter): Name = "Checked by"; Value = "Unchecked"; VariantName = "[No Variations]"
Add component (AddParameter): Name = "CreationDate"; Value = "23-Mar-20"; VariantName = "[No Variations]"
Add component (AddParameter): Name = "id"; Value = "123"; VariantName = "[No Variations]"
Add component (AddParameter): Name = "MyComment"; Value = "1u 50V"; VariantName = "[No Variations]"
Add component (AddParameter): Name = "Partname"; Value = "Cap0603MD_1u_X5R_50V_10%"; VariantName = "[No Variations]"
Add component (AddParameter): Name = "Precision"; Value = "10%"; VariantName = "[No Variations]"
Add component (AddParameter): Name = "Supplier 1"; Value = "Farnell"; VariantName = "[No Variations]"
Add component (AddParameter): Name = "Supplier Part Number 1"; Value = "3013383"; VariantName = "[No Variations]"
Add component (AddParameter): Name = "Type"; Value = "X5R"; VariantName = "[No Variations]"
Add component (AddParameter): Name = "Voltage"; Value = "50V"; VariantName = "[No Variations]"
Added Component: Designator=C36(capAluSmd_d8H10mm)
Add component (AddParameter): Name = "Author"; Value = "EB"; VariantName = "[No Variations]"
Add component (AddParameter): Name = "Capacitance"; Value = "220u"; VariantName = "[No Variations]"
Add component (AddParameter): Name = "Checked by"; Value = "Unchecked"; VariantName = "[No Variations]"
Add component (AddParameter): Name = "CreationDate"; Value = "06-Jul-22 14:38:19"; VariantName = "[No Variations]"
Add component (AddParameter): Name = "id"; Value = "37"; VariantName = "[No Variations]"
Add component (AddParameter): Name = "Manufacturer"; Value = "Kemet"; VariantName = "[No Variations]"
Add component (AddParameter): Name = "ManufacturerCode"; Value = "EDK227M025A9MAA"; VariantName = "[No Variations]"
Add component (AddParameter): Name = "MyComment"; Value = "220u 25V"; VariantName = "[No Variations]"
Add component (AddParameter): Name = "Partname"; Value = "EDK227M025A9MAA"; VariantName = "[No Variations]"
Add component (AddParameter): Name = "Precision"; Value = "20%"; VariantName = "[No Variations]"
Add component (AddParameter): Name = "Supplier 1"; Value = "Digi-Key"; VariantName = "[No Variations]"
Add component (AddParameter): Name = "Supplier Part Number 1"; Value = "399-18129-1-ND"; VariantName = "[No Variations]"
Add component (AddParameter): Name = "Voltage"; Value = "25V"; VariantName = "[No Variations]"
Added Component: Designator=R8(res0603MD)
Add component (AddParameter): Name = "Author"; Value = "Twe"; VariantName = "[No Variations]"
Add component (AddParameter): Name = "Checked by"; Value = "Unchecked"; VariantName = "[No Variations]"
Add component (AddParameter): Name = "CreationDate"; Value = "30-Mar-16 10:33:13"; VariantName = "[No Variations]"
Add component (AddParameter): Name = "id"; Value = "342"; VariantName = "[No Variations]"
Add component (AddParameter): Name = "MyComment"; Value = "18K"; VariantName = "[No Variations]"
Add component (AddParameter): Name = "Partname"; Value = "Res0603MD_18K_1%"; VariantName = "[No Variations]"
Add component (AddParameter): Name = "Precision"; Value = "1%"; VariantName = "[No Variations]"
Add component (AddParameter): Name = "Resistance"; Value = "18K"; VariantName = "[No Variations]"
Add component (AddParameter): Name = "Supplier 1"; Value = "Farnell"; VariantName = "[No Variations]"
Add component (AddParameter): Name = "Supplier Part Number 1"; Value = "9330720"; VariantName = "[No Variations]"
Added Component: Designator=R50(res0603MD)
Add component (AddParameter): Name = "Author"; Value = "Twe"; VariantName = "[No Variations]"
Add component (AddParameter): Name = "Checked by"; Value = "Unchecked"; VariantName = "[No Variations]"
Add component (AddParameter): Name = "CreationDate"; Value = "30-Mar-16 10:33:13"; VariantName = "[No Variations]"
Add component (AddParameter): Name = "id"; Value = "264"; VariantName = "[No Variations]"
Add component (AddParameter): Name = "MyComment"; Value = "0R"; VariantName = "[No Variations]"
Add component (AddParameter): Name = "Partname"; Value = "Res0603MD_0R_1%"; VariantName = "[No Variations]"
Add component (AddParameter): Name = "Precision"; Value = "1%"; VariantName = "[No Variations]"
Add component (AddParameter): Name = "Resistance"; Value = "0R"; VariantName = "[No Variations]"
Add component (AddParameter): Name = "Supplier 1"; Value = "Farnell"; VariantName = "[No Variations]"
Add component (AddParameter): Name = "Supplier Part Number 1"; Value = "2447743"; VariantName = "[No Variations]"
Added Component: Designator=T3(SOT95P230X110-3N)
Add component (AddParameter): Name = "Author"; Value = "TvR"; VariantName = "[No Variations]"
Add component (AddParameter): Name = "Checked by"; Value = "Unchecked"; VariantName = "[No Variations]"
Add component (AddParameter): Name = "CreationDate"; Value = "20-May-19 16:27:00"; VariantName = "[No Variations]"
Add component (AddParameter): Name = "id"; Value = "20"; VariantName = "[No Variations]"
Add component (AddParameter): Name = "Manufacturer"; Value = "ON Semi"; VariantName = "[No Variations]"
Add component (AddParameter): Name = "ManufacturerCode"; Value = "BSS138"; VariantName = "[No Variations]"
Add component (AddParameter): Name = "MyComment"; Value = "BSS138"; VariantName = "[No Variations]"
Add component (AddParameter): Name = "Partname"; Value = "BSS138"; VariantName = "[No Variations]"
Add component (AddParameter): Name = "Supplier 1"; Value = "Farnell"; VariantName = "[No Variations]"
Add component (AddParameter): Name = "Supplier Part Number 1"; Value = "9845330"; VariantName = "[No Variations]"
Add component (AddParameter): Name = "Type"; Value = "MOSFET EN"; VariantName = "[No Variations]"
Added Component: Designator=U17(TSQFP50P1200X1200X105-64N)
Add component (AddParameter): Name = "Author"; Value = "EB"; VariantName = "[No Variations]"
Add component (AddParameter): Name = "Checked by"; Value = "Unchecked"; VariantName = "[No Variations]"
Add component (AddParameter): Name = "CreationDate"; Value = "29-Jun-22 12:22:22"; VariantName = "[No Variations]"
Add component (AddParameter): Name = "id"; Value = "185"; VariantName = "[No Variations]"
Add component (AddParameter): Name = "Manufacturer"; Value = "Texas Instruments"; VariantName = "[No Variations]"
Add component (AddParameter): Name = "ManufacturerCode"; Value = "DAC8728SPAG"; VariantName = "[No Variations]"
Add component (AddParameter): Name = "MyComment"; Value = "DAC8728SPAG"; VariantName = "[No Variations]"
Add component (AddParameter): Name = "Partname"; Value = "DAC8728SPAG"; VariantName = "[No Variations]"
Add component (AddParameter): Name = "Supplier 1"; Value = "Digi-Key"; VariantName = "[No Variations]"
Add component (AddParameter): Name = "Supplier Part Number 1"; Value = "296-25472-ND"; VariantName = "[No Variations]"
Add component (AddParameter): Name = "Type"; Value = "DAC"; VariantName = "[No Variations]"
Added Pin To Net: NetName=NetC14_1 Pin=C14-1
Added Pin To Net: NetName=DGND Pin=C14-2
Added Pin To Net: NetName=DGND Pin=C36-N
Added Pin To Net: NetName=+5V Pin=C36-P
Added Pin To Net: NetName=NetC14_1 Pin=R8-1
Added Pin To Net: NetName=+5V Pin=R8-2
Added Pin To Net: NetName=Vref+5V Pin=R50-1
Added Pin To Net: NetName=NetC14_1 Pin=T3-1
Added Pin To Net: NetName=DGND Pin=T3-2
Added Pin To Net: NetName=NetR4_1 Pin=T3-3
Added Pin To Net: NetName=D14 Pin=U17-1
Added Pin To Net: NetName=D15 Pin=U17-2
Added Pin To Net: NetName=D16 Pin=U17-3
Added Pin To Net: NetName=Vout-3 Pin=U17-5
Added Pin To Net: NetName=NetC35_1 Pin=U17-6
Added Pin To Net: NetName=Vout-2 Pin=U17-7
Added Pin To Net: NetName=NetC25_1 Pin=U17-8
Added Pin To Net: NetName=AGND Pin=U17-9
Added Pin To Net: NetName=Vout-1 Pin=U17-10
Added Pin To Net: NetName=NetC26_2 Pin=U17-11
Added Pin To Net: NetName=Vout-0 Pin=U17-13
Added Pin To Net: NetName=DGND Pin=U17-15
Added Pin To Net: NetName=NetR45_2 Pin=U17-17
Added Pin To Net: NetName=DGND Pin=U17-18
Added Pin To Net: NetName=NetR45_2 Pin=U17-19
Added Pin To Net: NetName=A0 Pin=U17-20
Added Pin To Net: NetName=A1 Pin=U17-21
Added Pin To Net: NetName=+5V Pin=U17-24
Added Pin To Net: NetName=DGND Pin=U17-25
Added Pin To Net: NetName=A2 Pin=U17-26
Added Pin To Net: NetName=+5V Pin=U17-27
Added Pin To Net: NetName=DGND Pin=U17-29
Added Pin To Net: NetName=DGND Pin=U17-30
Added Pin To Net: NetName=+5V Pin=U17-34
Added Pin To Net: NetName=Vout-7 Pin=U17-36
Added Pin To Net: NetName=NetC26_2 Pin=U17-38
Added Pin To Net: NetName=Vout-6 Pin=U17-39
Added Pin To Net: NetName=AGND Pin=U17-40
Added Pin To Net: NetName=NetC25_1 Pin=U17-41
Added Pin To Net: NetName=Vout-5 Pin=U17-42
Added Pin To Net: NetName=NetC35_1 Pin=U17-43
Added Pin To Net: NetName=Vout-4 Pin=U17-44
Added Pin To Net: NetName=D1 Pin=U17-46
Added Pin To Net: NetName=D2 Pin=U17-47
Added Pin To Net: NetName=D3 Pin=U17-48
Added Pin To Net: NetName=D4 Pin=U17-49
Added Pin To Net: NetName=D5 Pin=U17-50
Added Pin To Net: NetName=D6 Pin=U17-51
Added Pin To Net: NetName=D7 Pin=U17-52
Added Pin To Net: NetName=DGND Pin=U17-54
Added Pin To Net: NetName=+5V Pin=U17-55
Added Pin To Net: NetName=+5V Pin=U17-56
Added Pin To Net: NetName=DGND Pin=U17-57
Added Pin To Net: NetName=NetU14_19 Pin=U17-58
Added Pin To Net: NetName=D8 Pin=U17-59
Added Pin To Net: NetName=D9 Pin=U17-60
Added Pin To Net: NetName=D10 Pin=U17-61
Added Pin To Net: NetName=D11 Pin=U17-62
Added Pin To Net: NetName=D12 Pin=U17-63
Added Pin To Net: NetName=D13 Pin=U17-64
Change Net Name : Old Net Name=Vref+1.333V New Net Name=Vref+1.666V
Change Net Name : Old Net Name=Vref+5V New Net Name=NetC10_1
Added Pin To Net: NetName=Vref+5V Pin=R50-2
Added Pin To Net: NetName=Vref+5V Pin=U3-3
Added Pin To Net: NetName=Vref+5V Pin=U4-1
Added Net: Name=Vref+5V
Added Member To Class: ClassName=DAC7828_main Member=Component R50 0R
Added Member To Class: ClassName=DAC7828_main Member=Component U14 SN74HC688PWR2
