Change Component DesignItemId : Designator=P1 Old DesignItemId=3-1478978-1 New DesignItemId=619540-1
Change Component DesignItemId : Designator=P2 Old DesignItemId=3-1478978-1 New DesignItemId=619540-1
Change Component DesignItemId : Designator=P3 Old DesignItemId=3-1478978-1 New DesignItemId=619540-1
Change Component DesignItemId : Designator=P4 Old DesignItemId=3-1478978-1 New DesignItemId=619540-1
Change Component DesignItemId : Designator=P5 Old DesignItemId=3-1478978-1 New DesignItemId=619540-1
Change Component DesignItemId : Designator=P6 Old DesignItemId=3-1478978-1 New DesignItemId=619540-1
Change Component DesignItemId : Designator=P7 Old DesignItemId=3-1478978-1 New DesignItemId=619540-1
Change Component DesignItemId : Designator=P8 Old DesignItemId=3-1478978-1 New DesignItemId=619540-1
Change Component DesignItemId : Designator=C7 Old DesignItemId=Cap1206MD_10u_X7R_25V_20% New DesignItemId=Cap0805MD_10u_X5R_25V_10%
Change Component DesignItemId : Designator=C16 Old DesignItemId=Cap1206MD_10u_X7R_25V_20% New DesignItemId=Cap0805MD_10u_X5R_25V_10%
Change Component DesignItemId : Designator=C17 Old DesignItemId=Cap1206MD_10u_X7R_25V_20% New DesignItemId=Cap0805MD_10u_X5R_25V_10%
Change Component DesignItemId : Designator=C20 Old DesignItemId=Cap1206MD_10u_X7R_25V_20% New DesignItemId=Cap0805MD_10u_X5R_25V_10%
Change Component DesignItemId : Designator=C21 Old DesignItemId=Cap1206MD_10u_X7R_25V_20% New DesignItemId=Cap0805MD_10u_X5R_25V_10%
Change Component DesignItemId : Designator=C25 Old DesignItemId=Cap1206MD_10u_X7R_25V_20% New DesignItemId=Cap0805MD_10u_X5R_25V_10%
Change Component DesignItemId : Designator=C26 Old DesignItemId=Cap1206MD_10u_X7R_25V_20% New DesignItemId=Cap0805MD_10u_X5R_25V_10%
Change Component DesignItemId : Designator=C31 Old DesignItemId=Cap1206MD_10u_X7R_25V_20% New DesignItemId=Cap0805MD_10u_X5R_25V_10%
Change Component DesignItemId : Designator=C32 Old DesignItemId=Cap1206MD_10u_X7R_25V_20% New DesignItemId=Cap0805MD_10u_X5R_25V_10%
Change Component DesignItemId : Designator=C37 Old DesignItemId=Cap1206MD_10u_X7R_25V_20% New DesignItemId=Cap0805MD_10u_X5R_25V_10%
Change Component DesignItemId : Designator=C38 Old DesignItemId=Cap1206MD_10u_X7R_25V_20% New DesignItemId=Cap0805MD_10u_X5R_25V_10%
Change Component DesignItemId : Designator=C41 Old DesignItemId=Cap1206MD_10u_X7R_25V_20% New DesignItemId=Cap0805MD_10u_X5R_25V_10%
Change Component DesignItemId : Designator=C42 Old DesignItemId=Cap1206MD_10u_X7R_25V_20% New DesignItemId=Cap0805MD_10u_X5R_25V_10%
Change Component DesignItemId : Designator=C45 Old DesignItemId=Cap1206MD_10u_X7R_25V_20% New DesignItemId=Cap0805MD_10u_X5R_25V_10%
Change Component DesignItemId : Designator=C46 Old DesignItemId=Cap1206MD_10u_X7R_25V_20% New DesignItemId=Cap0805MD_10u_X5R_25V_10%
Change Component DesignItemId : Designator=C50 Old DesignItemId=Cap1206MD_10u_X7R_25V_20% New DesignItemId=Cap0805MD_10u_X5R_25V_10%
Change Component DesignItemId : Designator=C51 Old DesignItemId=Cap1206MD_10u_X7R_25V_20% New DesignItemId=Cap0805MD_10u_X5R_25V_10%
Change Component DesignItemId : Designator=C54 Old DesignItemId=Cap1206MD_10u_X7R_25V_20% New DesignItemId=Cap0805MD_10u_X5R_25V_10%
Change Component DesignItemId : Designator=C55 Old DesignItemId=Cap1206MD_10u_X7R_25V_20% New DesignItemId=Cap0805MD_10u_X5R_25V_10%
Change Component DesignItemId : Designator=R1 Old DesignItemId=Res0603MD_10R_1% New DesignItemId=Res0603MD_2R_1%
Change Component DesignItemId : Designator=R15 Old DesignItemId=Res0603MD_10R_1% New DesignItemId=Res0603MD_2R_1%
Change Component DesignItemId : Designator=R16 Old DesignItemId=Res0603MD_10R_1% New DesignItemId=Res0603MD_2R_1%
Change Component DesignItemId : Designator=R19 Old DesignItemId=Res0603MD_10R_1% New DesignItemId=Res0603MD_2R_1%
Change Component DesignItemId : Designator=R20 Old DesignItemId=Res0603MD_10R_1% New DesignItemId=Res0603MD_2R_1%
Change Component DesignItemId : Designator=R22 Old DesignItemId=Res0603MD_10R_1% New DesignItemId=Res0603MD_2R_1%
Change Component DesignItemId : Designator=R24 Old DesignItemId=Res0603MD_10R_1% New DesignItemId=Res0603MD_2R_1%
Change Component DesignItemId : Designator=R25 Old DesignItemId=Res0603MD_10R_1% New DesignItemId=Res0603MD_2R_1%
Change Component DesignItemId : Designator=R26 Old DesignItemId=Res0603MD_10R_1% New DesignItemId=Res0603MD_2R_1%
Change Component DesignItemId : Designator=R31 Old DesignItemId=Res0603MD_10R_1% New DesignItemId=Res0603MD_2R_1%
Change Component DesignItemId : Designator=R33 Old DesignItemId=Res0603MD_10R_1% New DesignItemId=Res0603MD_2R_1%
Change Component DesignItemId : Designator=R34 Old DesignItemId=Res0603MD_10R_1% New DesignItemId=Res0603MD_2R_1%
Change Component DesignItemId : Designator=R35 Old DesignItemId=Res0603MD_10R_1% New DesignItemId=Res0603MD_2R_1%
Change Component DesignItemId : Designator=R39 Old DesignItemId=Res0603MD_10R_1% New DesignItemId=Res0603MD_2R_1%
Change Component DesignItemId : Designator=R41 Old DesignItemId=Res0603MD_10R_1% New DesignItemId=Res0603MD_2R_1%
Change Component DesignItemId : Designator=R42 Old DesignItemId=Res0603MD_10R_1% New DesignItemId=Res0603MD_2R_1%
Change Component DesignItemId : Designator=R43 Old DesignItemId=Res0603MD_10R_1% New DesignItemId=Res0603MD_2R_1%
Change Component DesignItemId : Designator=R48 Old DesignItemId=Res0603MD_10R_1% New DesignItemId=Res0603MD_2R_1%
Change Component DesignItemId : Designator=R49 Old DesignItemId=Res0603MD_10R_1% New DesignItemId=Res0603MD_2R_1%
Change Component Footprint: Designator=P1 Old Footprint=3-1478978-1 New Footprint=619540-1
Change Component Footprint: Designator=P2 Old Footprint=3-1478978-1 New Footprint=619540-1
Change Component Footprint: Designator=P3 Old Footprint=3-1478978-1 New Footprint=619540-1
Change Component Footprint: Designator=P4 Old Footprint=3-1478978-1 New Footprint=619540-1
Change Component Footprint: Designator=P5 Old Footprint=3-1478978-1 New Footprint=619540-1
Change Component Footprint: Designator=P6 Old Footprint=3-1478978-1 New Footprint=619540-1
Change Component Footprint: Designator=P7 Old Footprint=3-1478978-1 New Footprint=619540-1
Change Component Footprint: Designator=P8 Old Footprint=3-1478978-1 New Footprint=619540-1
Change Component Footprint: Designator=C7 Old Footprint=cap1206MD New Footprint=cap0805MD
Change Component Footprint: Designator=C16 Old Footprint=cap1206MD New Footprint=cap0805MD
Change Component Footprint: Designator=C17 Old Footprint=cap1206MD New Footprint=cap0805MD
Change Component Footprint: Designator=C20 Old Footprint=cap1206MD New Footprint=cap0805MD
Change Component Footprint: Designator=C21 Old Footprint=cap1206MD New Footprint=cap0805MD
Change Component Footprint: Designator=C25 Old Footprint=cap1206MD New Footprint=cap0805MD
Change Component Footprint: Designator=C26 Old Footprint=cap1206MD New Footprint=cap0805MD
Change Component Footprint: Designator=C31 Old Footprint=cap1206MD New Footprint=cap0805MD
Change Component Footprint: Designator=C32 Old Footprint=cap1206MD New Footprint=cap0805MD
Change Component Footprint: Designator=C37 Old Footprint=cap1206MD New Footprint=cap0805MD
Change Component Footprint: Designator=C38 Old Footprint=cap1206MD New Footprint=cap0805MD
Change Component Footprint: Designator=C41 Old Footprint=cap1206MD New Footprint=cap0805MD
Change Component Footprint: Designator=C42 Old Footprint=cap1206MD New Footprint=cap0805MD
Change Component Footprint: Designator=C45 Old Footprint=cap1206MD New Footprint=cap0805MD
Change Component Footprint: Designator=C46 Old Footprint=cap1206MD New Footprint=cap0805MD
Change Component Footprint: Designator=C50 Old Footprint=cap1206MD New Footprint=cap0805MD
Change Component Footprint: Designator=C51 Old Footprint=cap1206MD New Footprint=cap0805MD
Change Component Footprint: Designator=C54 Old Footprint=cap1206MD New Footprint=cap0805MD
Change Component Footprint: Designator=C55 Old Footprint=cap1206MD New Footprint=cap0805MD
Change Component Comment : Designator=R1 Old Comment=10R New Comment=2R
Change Component Comment : Designator=R15 Old Comment=10R New Comment=2R
Change Component Comment : Designator=R16 Old Comment=10R New Comment=2R
Change Component Comment : Designator=R19 Old Comment=10R New Comment=2R
Change Component Comment : Designator=R20 Old Comment=10R New Comment=2R
Change Component Comment : Designator=R22 Old Comment=10R New Comment=2R
Change Component Comment : Designator=R24 Old Comment=10R New Comment=2R
Change Component Comment : Designator=R25 Old Comment=10R New Comment=2R
Change Component Comment : Designator=R26 Old Comment=10R New Comment=2R
Change Component Comment : Designator=R31 Old Comment=10R New Comment=2R
Change Component Comment : Designator=R33 Old Comment=10R New Comment=2R
Change Component Comment : Designator=R34 Old Comment=10R New Comment=2R
Change Component Comment : Designator=R35 Old Comment=10R New Comment=2R
Change Component Comment : Designator=R39 Old Comment=10R New Comment=2R
Change Component Comment : Designator=R41 Old Comment=10R New Comment=2R
Change Component Comment : Designator=R42 Old Comment=10R New Comment=2R
Change Component Comment : Designator=R43 Old Comment=10R New Comment=2R
Change Component Comment : Designator=R48 Old Comment=10R New Comment=2R
Change Component Comment : Designator=R49 Old Comment=10R New Comment=2R
Change Component Description : Designator=P1 Old Description=SMA right angle through hole 50 Ohm New Description=SMA right angle through hole, 19mm, 50 Ohm
Change Component Description : Designator=P2 Old Description=SMA right angle through hole 50 Ohm New Description=SMA right angle through hole, 19mm, 50 Ohm
Change Component Description : Designator=P3 Old Description=SMA right angle through hole 50 Ohm New Description=SMA right angle through hole, 19mm, 50 Ohm
Change Component Description : Designator=P4 Old Description=SMA right angle through hole 50 Ohm New Description=SMA right angle through hole, 19mm, 50 Ohm
Change Component Description : Designator=P5 Old Description=SMA right angle through hole 50 Ohm New Description=SMA right angle through hole, 19mm, 50 Ohm
Change Component Description : Designator=P6 Old Description=SMA right angle through hole 50 Ohm New Description=SMA right angle through hole, 19mm, 50 Ohm
Change Component Description : Designator=P7 Old Description=SMA right angle through hole 50 Ohm New Description=SMA right angle through hole, 19mm, 50 Ohm
Change Component Description : Designator=P8 Old Description=SMA right angle through hole 50 Ohm New Description=SMA right angle through hole, 19mm, 50 Ohm
Change component parameters: Designator = "C7" ("C7"); Footprint = "cap1206MD"; UniqueID = "\HGBGHEXZ" ("\HGBGHEXZ")
Change component parameters (AddParameter): Name = "Author"; Value = "EB"; VariantName = "[No Variations]"
Change component parameters (AddParameter): Name = "Capacitance"; Value = "10u"; VariantName = "[No Variations]"
Change component parameters (AddParameter): Name = "Checked by"; Value = "Unchecked"; VariantName = "[No Variations]"
Change component parameters (AddParameter): Name = "CreationDate"; Value = "31-Mar-16 14:12:18"; VariantName = "[No Variations]"
Change component parameters (AddParameter): Name = "id"; Value = "146"; VariantName = "[No Variations]"
Change component parameters (AddParameter): Name = "MyComment"; Value = "10u 25V"; VariantName = "[No Variations]"
Change component parameters (AddParameter): Name = "Partname"; Value = "Cap0805MD_10u_X5R_25V_10%"; VariantName = "[No Variations]"
Change component parameters (AddParameter): Name = "Precision"; Value = "10%"; VariantName = "[No Variations]"
Change component parameters (AddParameter): Name = "Supplier 1"; Value = "Farnell"; VariantName = "[No Variations]"
Change component parameters (AddParameter): Name = "Supplier Part Number 1"; Value = "1735530"; VariantName = "[No Variations]"
Change component parameters (AddParameter): Name = "Type"; Value = "5XR"; VariantName = "[No Variations]"
Change component parameters (AddParameter): Name = "Voltage"; Value = "25V"; VariantName = "[No Variations]"
Change component parameters: Designator = "C16" ("C16"); Footprint = "cap1206MD"; UniqueID = "\VVQZRYSZ" ("\VVQZRYSZ")
Change component parameters (AddParameter): Name = "Author"; Value = "EB"; VariantName = "[No Variations]"
Change component parameters (AddParameter): Name = "Capacitance"; Value = "10u"; VariantName = "[No Variations]"
Change component parameters (AddParameter): Name = "Checked by"; Value = "Unchecked"; VariantName = "[No Variations]"
Change component parameters (AddParameter): Name = "CreationDate"; Value = "31-Mar-16 14:12:18"; VariantName = "[No Variations]"
Change component parameters (AddParameter): Name = "id"; Value = "146"; VariantName = "[No Variations]"
Change component parameters (AddParameter): Name = "MyComment"; Value = "10u 25V"; VariantName = "[No Variations]"
Change component parameters (AddParameter): Name = "Partname"; Value = "Cap0805MD_10u_X5R_25V_10%"; VariantName = "[No Variations]"
Change component parameters (AddParameter): Name = "Precision"; Value = "10%"; VariantName = "[No Variations]"
Change component parameters (AddParameter): Name = "Supplier 1"; Value = "Farnell"; VariantName = "[No Variations]"
Change component parameters (AddParameter): Name = "Supplier Part Number 1"; Value = "1735530"; VariantName = "[No Variations]"
Change component parameters (AddParameter): Name = "Type"; Value = "5XR"; VariantName = "[No Variations]"
Change component parameters (AddParameter): Name = "Voltage"; Value = "25V"; VariantName = "[No Variations]"
Change component parameters: Designator = "C17" ("C17"); Footprint = "cap1206MD"; UniqueID = "\SLPJCMQX" ("\SLPJCMQX")
Change component parameters (AddParameter): Name = "Author"; Value = "EB"; VariantName = "[No Variations]"
Change component parameters (AddParameter): Name = "Capacitance"; Value = "10u"; VariantName = "[No Variations]"
Change component parameters (AddParameter): Name = "Checked by"; Value = "Unchecked"; VariantName = "[No Variations]"
Change component parameters (AddParameter): Name = "CreationDate"; Value = "31-Mar-16 14:12:18"; VariantName = "[No Variations]"
Change component parameters (AddParameter): Name = "id"; Value = "146"; VariantName = "[No Variations]"
Change component parameters (AddParameter): Name = "MyComment"; Value = "10u 25V"; VariantName = "[No Variations]"
Change component parameters (AddParameter): Name = "Partname"; Value = "Cap0805MD_10u_X5R_25V_10%"; VariantName = "[No Variations]"
Change component parameters (AddParameter): Name = "Precision"; Value = "10%"; VariantName = "[No Variations]"
Change component parameters (AddParameter): Name = "Supplier 1"; Value = "Farnell"; VariantName = "[No Variations]"
Change component parameters (AddParameter): Name = "Supplier Part Number 1"; Value = "1735530"; VariantName = "[No Variations]"
Change component parameters (AddParameter): Name = "Type"; Value = "5XR"; VariantName = "[No Variations]"
Change component parameters (AddParameter): Name = "Voltage"; Value = "25V"; VariantName = "[No Variations]"
Change component parameters: Designator = "C20" ("C20"); Footprint = "cap1206MD"; UniqueID = "\CWMWEQBO" ("\CWMWEQBO")
Change component parameters (AddParameter): Name = "Author"; Value = "EB"; VariantName = "[No Variations]"
Change component parameters (AddParameter): Name = "Capacitance"; Value = "10u"; VariantName = "[No Variations]"
Change component parameters (AddParameter): Name = "Checked by"; Value = "Unchecked"; VariantName = "[No Variations]"
Change component parameters (AddParameter): Name = "CreationDate"; Value = "31-Mar-16 14:12:18"; VariantName = "[No Variations]"
Change component parameters (AddParameter): Name = "id"; Value = "146"; VariantName = "[No Variations]"
Change component parameters (AddParameter): Name = "MyComment"; Value = "10u 25V"; VariantName = "[No Variations]"
Change component parameters (AddParameter): Name = "Partname"; Value = "Cap0805MD_10u_X5R_25V_10%"; VariantName = "[No Variations]"
Change component parameters (AddParameter): Name = "Precision"; Value = "10%"; VariantName = "[No Variations]"
Change component parameters (AddParameter): Name = "Supplier 1"; Value = "Farnell"; VariantName = "[No Variations]"
Change component parameters (AddParameter): Name = "Supplier Part Number 1"; Value = "1735530"; VariantName = "[No Variations]"
Change component parameters (AddParameter): Name = "Type"; Value = "5XR"; VariantName = "[No Variations]"
Change component parameters (AddParameter): Name = "Voltage"; Value = "25V"; VariantName = "[No Variations]"
Change component parameters: Designator = "C21" ("C21"); Footprint = "cap1206MD"; UniqueID = "\HTKVWBCC" ("\HTKVWBCC")
Change component parameters (AddParameter): Name = "Author"; Value = "EB"; VariantName = "[No Variations]"
Change component parameters (AddParameter): Name = "Capacitance"; Value = "10u"; VariantName = "[No Variations]"
Change component parameters (AddParameter): Name = "Checked by"; Value = "Unchecked"; VariantName = "[No Variations]"
Change component parameters (AddParameter): Name = "CreationDate"; Value = "31-Mar-16 14:12:18"; VariantName = "[No Variations]"
Change component parameters (AddParameter): Name = "id"; Value = "146"; VariantName = "[No Variations]"
Change component parameters (AddParameter): Name = "MyComment"; Value = "10u 25V"; VariantName = "[No Variations]"
Change component parameters (AddParameter): Name = "Partname"; Value = "Cap0805MD_10u_X5R_25V_10%"; VariantName = "[No Variations]"
Change component parameters (AddParameter): Name = "Precision"; Value = "10%"; VariantName = "[No Variations]"
Change component parameters (AddParameter): Name = "Supplier 1"; Value = "Farnell"; VariantName = "[No Variations]"
Change component parameters (AddParameter): Name = "Supplier Part Number 1"; Value = "1735530"; VariantName = "[No Variations]"
Change component parameters (AddParameter): Name = "Type"; Value = "5XR"; VariantName = "[No Variations]"
Change component parameters (AddParameter): Name = "Voltage"; Value = "25V"; VariantName = "[No Variations]"
Change component parameters: Designator = "C25" ("C25"); Footprint = "cap1206MD"; UniqueID = "\KKBZKQZQ" ("\KKBZKQZQ")
Change component parameters (AddParameter): Name = "Author"; Value = "EB"; VariantName = "[No Variations]"
Change component parameters (AddParameter): Name = "Capacitance"; Value = "10u"; VariantName = "[No Variations]"
Change component parameters (AddParameter): Name = "Checked by"; Value = "Unchecked"; VariantName = "[No Variations]"
Change component parameters (AddParameter): Name = "CreationDate"; Value = "31-Mar-16 14:12:18"; VariantName = "[No Variations]"
Change component parameters (AddParameter): Name = "id"; Value = "146"; VariantName = "[No Variations]"
Change component parameters (AddParameter): Name = "MyComment"; Value = "10u 25V"; VariantName = "[No Variations]"
Change component parameters (AddParameter): Name = "Partname"; Value = "Cap0805MD_10u_X5R_25V_10%"; VariantName = "[No Variations]"
Change component parameters (AddParameter): Name = "Precision"; Value = "10%"; VariantName = "[No Variations]"
Change component parameters (AddParameter): Name = "Supplier 1"; Value = "Farnell"; VariantName = "[No Variations]"
Change component parameters (AddParameter): Name = "Supplier Part Number 1"; Value = "1735530"; VariantName = "[No Variations]"
Change component parameters (AddParameter): Name = "Type"; Value = "5XR"; VariantName = "[No Variations]"
Change component parameters (AddParameter): Name = "Voltage"; Value = "25V"; VariantName = "[No Variations]"
Change component parameters: Designator = "C26" ("C26"); Footprint = "cap1206MD"; UniqueID = "\RUVPIUMS" ("\RUVPIUMS")
Change component parameters (AddParameter): Name = "Author"; Value = "EB"; VariantName = "[No Variations]"
Change component parameters (AddParameter): Name = "Capacitance"; Value = "10u"; VariantName = "[No Variations]"
Change component parameters (AddParameter): Name = "Checked by"; Value = "Unchecked"; VariantName = "[No Variations]"
Change component parameters (AddParameter): Name = "CreationDate"; Value = "31-Mar-16 14:12:18"; VariantName = "[No Variations]"
Change component parameters (AddParameter): Name = "id"; Value = "146"; VariantName = "[No Variations]"
Change component parameters (AddParameter): Name = "MyComment"; Value = "10u 25V"; VariantName = "[No Variations]"
Change component parameters (AddParameter): Name = "Partname"; Value = "Cap0805MD_10u_X5R_25V_10%"; VariantName = "[No Variations]"
Change component parameters (AddParameter): Name = "Precision"; Value = "10%"; VariantName = "[No Variations]"
Change component parameters (AddParameter): Name = "Supplier 1"; Value = "Farnell"; VariantName = "[No Variations]"
Change component parameters (AddParameter): Name = "Supplier Part Number 1"; Value = "1735530"; VariantName = "[No Variations]"
Change component parameters (AddParameter): Name = "Type"; Value = "5XR"; VariantName = "[No Variations]"
Change component parameters (AddParameter): Name = "Voltage"; Value = "25V"; VariantName = "[No Variations]"
Change component parameters: Designator = "C31" ("C31"); Footprint = "cap1206MD"; UniqueID = "\QIVFIHNJ" ("\QIVFIHNJ")
Change component parameters (AddParameter): Name = "Author"; Value = "EB"; VariantName = "[No Variations]"
Change component parameters (AddParameter): Name = "Capacitance"; Value = "10u"; VariantName = "[No Variations]"
Change component parameters (AddParameter): Name = "Checked by"; Value = "Unchecked"; VariantName = "[No Variations]"
Change component parameters (AddParameter): Name = "CreationDate"; Value = "31-Mar-16 14:12:18"; VariantName = "[No Variations]"
Change component parameters (AddParameter): Name = "id"; Value = "146"; VariantName = "[No Variations]"
Change component parameters (AddParameter): Name = "MyComment"; Value = "10u 25V"; VariantName = "[No Variations]"
Change component parameters (AddParameter): Name = "Partname"; Value = "Cap0805MD_10u_X5R_25V_10%"; VariantName = "[No Variations]"
Change component parameters (AddParameter): Name = "Precision"; Value = "10%"; VariantName = "[No Variations]"
Change component parameters (AddParameter): Name = "Supplier 1"; Value = "Farnell"; VariantName = "[No Variations]"
Change component parameters (AddParameter): Name = "Supplier Part Number 1"; Value = "1735530"; VariantName = "[No Variations]"
Change component parameters (AddParameter): Name = "Type"; Value = "5XR"; VariantName = "[No Variations]"
Change component parameters (AddParameter): Name = "Voltage"; Value = "25V"; VariantName = "[No Variations]"
Change component parameters: Designator = "C32" ("C32"); Footprint = "cap1206MD"; UniqueID = "\KQEVWGMS" ("\KQEVWGMS")
Change component parameters (AddParameter): Name = "Author"; Value = "EB"; VariantName = "[No Variations]"
Change component parameters (AddParameter): Name = "Capacitance"; Value = "10u"; VariantName = "[No Variations]"
Change component parameters (AddParameter): Name = "Checked by"; Value = "Unchecked"; VariantName = "[No Variations]"
Change component parameters (AddParameter): Name = "CreationDate"; Value = "31-Mar-16 14:12:18"; VariantName = "[No Variations]"
Change component parameters (AddParameter): Name = "id"; Value = "146"; VariantName = "[No Variations]"
Change component parameters (AddParameter): Name = "MyComment"; Value = "10u 25V"; VariantName = "[No Variations]"
Change component parameters (AddParameter): Name = "Partname"; Value = "Cap0805MD_10u_X5R_25V_10%"; VariantName = "[No Variations]"
Change component parameters (AddParameter): Name = "Precision"; Value = "10%"; VariantName = "[No Variations]"
Change component parameters (AddParameter): Name = "Supplier 1"; Value = "Farnell"; VariantName = "[No Variations]"
Change component parameters (AddParameter): Name = "Supplier Part Number 1"; Value = "1735530"; VariantName = "[No Variations]"
Change component parameters (AddParameter): Name = "Type"; Value = "5XR"; VariantName = "[No Variations]"
Change component parameters (AddParameter): Name = "Voltage"; Value = "25V"; VariantName = "[No Variations]"
Change component parameters: Designator = "C37" ("C37"); Footprint = "cap1206MD"; UniqueID = "\EMSAVZSY" ("\EMSAVZSY")
Change component parameters (AddParameter): Name = "Author"; Value = "EB"; VariantName = "[No Variations]"
Change component parameters (AddParameter): Name = "Capacitance"; Value = "10u"; VariantName = "[No Variations]"
Change component parameters (AddParameter): Name = "Checked by"; Value = "Unchecked"; VariantName = "[No Variations]"
Change component parameters (AddParameter): Name = "CreationDate"; Value = "31-Mar-16 14:12:18"; VariantName = "[No Variations]"
Change component parameters (AddParameter): Name = "id"; Value = "146"; VariantName = "[No Variations]"
Change component parameters (AddParameter): Name = "MyComment"; Value = "10u 25V"; VariantName = "[No Variations]"
Change component parameters (AddParameter): Name = "Partname"; Value = "Cap0805MD_10u_X5R_25V_10%"; VariantName = "[No Variations]"
Change component parameters (AddParameter): Name = "Precision"; Value = "10%"; VariantName = "[No Variations]"
Change component parameters (AddParameter): Name = "Supplier 1"; Value = "Farnell"; VariantName = "[No Variations]"
Change component parameters (AddParameter): Name = "Supplier Part Number 1"; Value = "1735530"; VariantName = "[No Variations]"
Change component parameters (AddParameter): Name = "Type"; Value = "5XR"; VariantName = "[No Variations]"
Change component parameters (AddParameter): Name = "Voltage"; Value = "25V"; VariantName = "[No Variations]"
Change component parameters: Designator = "C38" ("C38"); Footprint = "cap1206MD"; UniqueID = "\JHKYZKZV" ("\JHKYZKZV")
Change component parameters (AddParameter): Name = "Author"; Value = "EB"; VariantName = "[No Variations]"
Change component parameters (AddParameter): Name = "Capacitance"; Value = "10u"; VariantName = "[No Variations]"
Change component parameters (AddParameter): Name = "Checked by"; Value = "Unchecked"; VariantName = "[No Variations]"
Change component parameters (AddParameter): Name = "CreationDate"; Value = "31-Mar-16 14:12:18"; VariantName = "[No Variations]"
Change component parameters (AddParameter): Name = "id"; Value = "146"; VariantName = "[No Variations]"
Change component parameters (AddParameter): Name = "MyComment"; Value = "10u 25V"; VariantName = "[No Variations]"
Change component parameters (AddParameter): Name = "Partname"; Value = "Cap0805MD_10u_X5R_25V_10%"; VariantName = "[No Variations]"
Change component parameters (AddParameter): Name = "Precision"; Value = "10%"; VariantName = "[No Variations]"
Change component parameters (AddParameter): Name = "Supplier 1"; Value = "Farnell"; VariantName = "[No Variations]"
Change component parameters (AddParameter): Name = "Supplier Part Number 1"; Value = "1735530"; VariantName = "[No Variations]"
Change component parameters (AddParameter): Name = "Type"; Value = "5XR"; VariantName = "[No Variations]"
Change component parameters (AddParameter): Name = "Voltage"; Value = "25V"; VariantName = "[No Variations]"
Change component parameters: Designator = "C41" ("C41"); Footprint = "cap1206MD"; UniqueID = "\OMOCKPEN" ("\OMOCKPEN")
Change component parameters (AddParameter): Name = "Author"; Value = "EB"; VariantName = "[No Variations]"
Change component parameters (AddParameter): Name = "Capacitance"; Value = "10u"; VariantName = "[No Variations]"
Change component parameters (AddParameter): Name = "Checked by"; Value = "Unchecked"; VariantName = "[No Variations]"
Change component parameters (AddParameter): Name = "CreationDate"; Value = "31-Mar-16 14:12:18"; VariantName = "[No Variations]"
Change component parameters (AddParameter): Name = "id"; Value = "146"; VariantName = "[No Variations]"
Change component parameters (AddParameter): Name = "MyComment"; Value = "10u 25V"; VariantName = "[No Variations]"
Change component parameters (AddParameter): Name = "Partname"; Value = "Cap0805MD_10u_X5R_25V_10%"; VariantName = "[No Variations]"
Change component parameters (AddParameter): Name = "Precision"; Value = "10%"; VariantName = "[No Variations]"
Change component parameters (AddParameter): Name = "Supplier 1"; Value = "Farnell"; VariantName = "[No Variations]"
Change component parameters (AddParameter): Name = "Supplier Part Number 1"; Value = "1735530"; VariantName = "[No Variations]"
Change component parameters (AddParameter): Name = "Type"; Value = "5XR"; VariantName = "[No Variations]"
Change component parameters (AddParameter): Name = "Voltage"; Value = "25V"; VariantName = "[No Variations]"
Change component parameters: Designator = "C42" ("C42"); Footprint = "cap1206MD"; UniqueID = "\QWFQSACD" ("\QWFQSACD")
Change component parameters (AddParameter): Name = "Author"; Value = "EB"; VariantName = "[No Variations]"
Change component parameters (AddParameter): Name = "Capacitance"; Value = "10u"; VariantName = "[No Variations]"
Change component parameters (AddParameter): Name = "Checked by"; Value = "Unchecked"; VariantName = "[No Variations]"
Change component parameters (AddParameter): Name = "CreationDate"; Value = "31-Mar-16 14:12:18"; VariantName = "[No Variations]"
Change component parameters (AddParameter): Name = "id"; Value = "146"; VariantName = "[No Variations]"
Change component parameters (AddParameter): Name = "MyComment"; Value = "10u 25V"; VariantName = "[No Variations]"
Change component parameters (AddParameter): Name = "Partname"; Value = "Cap0805MD_10u_X5R_25V_10%"; VariantName = "[No Variations]"
Change component parameters (AddParameter): Name = "Precision"; Value = "10%"; VariantName = "[No Variations]"
Change component parameters (AddParameter): Name = "Supplier 1"; Value = "Farnell"; VariantName = "[No Variations]"
Change component parameters (AddParameter): Name = "Supplier Part Number 1"; Value = "1735530"; VariantName = "[No Variations]"
Change component parameters (AddParameter): Name = "Type"; Value = "5XR"; VariantName = "[No Variations]"
Change component parameters (AddParameter): Name = "Voltage"; Value = "25V"; VariantName = "[No Variations]"
Change component parameters: Designator = "C45" ("C45"); Footprint = "cap1206MD"; UniqueID = "\KFJSGEGM" ("\KFJSGEGM")
Change component parameters (AddParameter): Name = "Author"; Value = "EB"; VariantName = "[No Variations]"
Change component parameters (AddParameter): Name = "Capacitance"; Value = "10u"; VariantName = "[No Variations]"
Change component parameters (AddParameter): Name = "Checked by"; Value = "Unchecked"; VariantName = "[No Variations]"
Change component parameters (AddParameter): Name = "CreationDate"; Value = "31-Mar-16 14:12:18"; VariantName = "[No Variations]"
Change component parameters (AddParameter): Name = "id"; Value = "146"; VariantName = "[No Variations]"
Change component parameters (AddParameter): Name = "MyComment"; Value = "10u 25V"; VariantName = "[No Variations]"
Change component parameters (AddParameter): Name = "Partname"; Value = "Cap0805MD_10u_X5R_25V_10%"; VariantName = "[No Variations]"
Change component parameters (AddParameter): Name = "Precision"; Value = "10%"; VariantName = "[No Variations]"
Change component parameters (AddParameter): Name = "Supplier 1"; Value = "Farnell"; VariantName = "[No Variations]"
Change component parameters (AddParameter): Name = "Supplier Part Number 1"; Value = "1735530"; VariantName = "[No Variations]"
Change component parameters (AddParameter): Name = "Type"; Value = "5XR"; VariantName = "[No Variations]"
Change component parameters (AddParameter): Name = "Voltage"; Value = "25V"; VariantName = "[No Variations]"
Change component parameters: Designator = "C46" ("C46"); Footprint = "cap1206MD"; UniqueID = "\DXLQLLGW" ("\DXLQLLGW")
Change component parameters (AddParameter): Name = "Author"; Value = "EB"; VariantName = "[No Variations]"
Change component parameters (AddParameter): Name = "Capacitance"; Value = "10u"; VariantName = "[No Variations]"
Change component parameters (AddParameter): Name = "Checked by"; Value = "Unchecked"; VariantName = "[No Variations]"
Change component parameters (AddParameter): Name = "CreationDate"; Value = "31-Mar-16 14:12:18"; VariantName = "[No Variations]"
Change component parameters (AddParameter): Name = "id"; Value = "146"; VariantName = "[No Variations]"
Change component parameters (AddParameter): Name = "MyComment"; Value = "10u 25V"; VariantName = "[No Variations]"
Change component parameters (AddParameter): Name = "Partname"; Value = "Cap0805MD_10u_X5R_25V_10%"; VariantName = "[No Variations]"
Change component parameters (AddParameter): Name = "Precision"; Value = "10%"; VariantName = "[No Variations]"
Change component parameters (AddParameter): Name = "Supplier 1"; Value = "Farnell"; VariantName = "[No Variations]"
Change component parameters (AddParameter): Name = "Supplier Part Number 1"; Value = "1735530"; VariantName = "[No Variations]"
Change component parameters (AddParameter): Name = "Type"; Value = "5XR"; VariantName = "[No Variations]"
Change component parameters (AddParameter): Name = "Voltage"; Value = "25V"; VariantName = "[No Variations]"
Change component parameters: Designator = "C50" ("C50"); Footprint = "cap1206MD"; UniqueID = "\BNKGREBE" ("\BNKGREBE")
Change component parameters (AddParameter): Name = "Author"; Value = "EB"; VariantName = "[No Variations]"
Change component parameters (AddParameter): Name = "Capacitance"; Value = "10u"; VariantName = "[No Variations]"
Change component parameters (AddParameter): Name = "Checked by"; Value = "Unchecked"; VariantName = "[No Variations]"
Change component parameters (AddParameter): Name = "CreationDate"; Value = "31-Mar-16 14:12:18"; VariantName = "[No Variations]"
Change component parameters (AddParameter): Name = "id"; Value = "146"; VariantName = "[No Variations]"
Change component parameters (AddParameter): Name = "MyComment"; Value = "10u 25V"; VariantName = "[No Variations]"
Change component parameters (AddParameter): Name = "Partname"; Value = "Cap0805MD_10u_X5R_25V_10%"; VariantName = "[No Variations]"
Change component parameters (AddParameter): Name = "Precision"; Value = "10%"; VariantName = "[No Variations]"
Change component parameters (AddParameter): Name = "Supplier 1"; Value = "Farnell"; VariantName = "[No Variations]"
Change component parameters (AddParameter): Name = "Supplier Part Number 1"; Value = "1735530"; VariantName = "[No Variations]"
Change component parameters (AddParameter): Name = "Type"; Value = "5XR"; VariantName = "[No Variations]"
Change component parameters (AddParameter): Name = "Voltage"; Value = "25V"; VariantName = "[No Variations]"
Change component parameters: Designator = "C51" ("C51"); Footprint = "cap1206MD"; UniqueID = "\TTKCVDGF" ("\TTKCVDGF")
Change component parameters (AddParameter): Name = "Author"; Value = "EB"; VariantName = "[No Variations]"
Change component parameters (AddParameter): Name = "Capacitance"; Value = "10u"; VariantName = "[No Variations]"
Change component parameters (AddParameter): Name = "Checked by"; Value = "Unchecked"; VariantName = "[No Variations]"
Change component parameters (AddParameter): Name = "CreationDate"; Value = "31-Mar-16 14:12:18"; VariantName = "[No Variations]"
Change component parameters (AddParameter): Name = "id"; Value = "146"; VariantName = "[No Variations]"
Change component parameters (AddParameter): Name = "MyComment"; Value = "10u 25V"; VariantName = "[No Variations]"
Change component parameters (AddParameter): Name = "Partname"; Value = "Cap0805MD_10u_X5R_25V_10%"; VariantName = "[No Variations]"
Change component parameters (AddParameter): Name = "Precision"; Value = "10%"; VariantName = "[No Variations]"
Change component parameters (AddParameter): Name = "Supplier 1"; Value = "Farnell"; VariantName = "[No Variations]"
Change component parameters (AddParameter): Name = "Supplier Part Number 1"; Value = "1735530"; VariantName = "[No Variations]"
Change component parameters (AddParameter): Name = "Type"; Value = "5XR"; VariantName = "[No Variations]"
Change component parameters (AddParameter): Name = "Voltage"; Value = "25V"; VariantName = "[No Variations]"
Change component parameters: Designator = "C54" ("C54"); Footprint = "cap1206MD"; UniqueID = "\UTMTERYO" ("\UTMTERYO")
Change component parameters (AddParameter): Name = "Author"; Value = "EB"; VariantName = "[No Variations]"
Change component parameters (AddParameter): Name = "Capacitance"; Value = "10u"; VariantName = "[No Variations]"
Change component parameters (AddParameter): Name = "Checked by"; Value = "Unchecked"; VariantName = "[No Variations]"
Change component parameters (AddParameter): Name = "CreationDate"; Value = "31-Mar-16 14:12:18"; VariantName = "[No Variations]"
Change component parameters (AddParameter): Name = "id"; Value = "146"; VariantName = "[No Variations]"
Change component parameters (AddParameter): Name = "MyComment"; Value = "10u 25V"; VariantName = "[No Variations]"
Change component parameters (AddParameter): Name = "Partname"; Value = "Cap0805MD_10u_X5R_25V_10%"; VariantName = "[No Variations]"
Change component parameters (AddParameter): Name = "Precision"; Value = "10%"; VariantName = "[No Variations]"
Change component parameters (AddParameter): Name = "Supplier 1"; Value = "Farnell"; VariantName = "[No Variations]"
Change component parameters (AddParameter): Name = "Supplier Part Number 1"; Value = "1735530"; VariantName = "[No Variations]"
Change component parameters (AddParameter): Name = "Type"; Value = "5XR"; VariantName = "[No Variations]"
Change component parameters (AddParameter): Name = "Voltage"; Value = "25V"; VariantName = "[No Variations]"
Change component parameters: Designator = "C55" ("C55"); Footprint = "cap1206MD"; UniqueID = "\ZLLSFXPL" ("\ZLLSFXPL")
Change component parameters (AddParameter): Name = "Author"; Value = "EB"; VariantName = "[No Variations]"
Change component parameters (AddParameter): Name = "Capacitance"; Value = "10u"; VariantName = "[No Variations]"
Change component parameters (AddParameter): Name = "Checked by"; Value = "Unchecked"; VariantName = "[No Variations]"
Change component parameters (AddParameter): Name = "CreationDate"; Value = "31-Mar-16 14:12:18"; VariantName = "[No Variations]"
Change component parameters (AddParameter): Name = "id"; Value = "146"; VariantName = "[No Variations]"
Change component parameters (AddParameter): Name = "MyComment"; Value = "10u 25V"; VariantName = "[No Variations]"
Change component parameters (AddParameter): Name = "Partname"; Value = "Cap0805MD_10u_X5R_25V_10%"; VariantName = "[No Variations]"
Change component parameters (AddParameter): Name = "Precision"; Value = "10%"; VariantName = "[No Variations]"
Change component parameters (AddParameter): Name = "Supplier 1"; Value = "Farnell"; VariantName = "[No Variations]"
Change component parameters (AddParameter): Name = "Supplier Part Number 1"; Value = "1735530"; VariantName = "[No Variations]"
Change component parameters (AddParameter): Name = "Type"; Value = "5XR"; VariantName = "[No Variations]"
Change component parameters (AddParameter): Name = "Voltage"; Value = "25V"; VariantName = "[No Variations]"
Change component parameters: Designator = "P1" ("P1"); Footprint = "3-1478978-1"; UniqueID = "\PZDEMNMG" ("\PZDEMNMG")
Change component parameters (AddParameter): Name = "Author"; Value = "EB"; VariantName = "[No Variations]"
Change component parameters (AddParameter): Name = "Checked by"; Value = "Unchecked"; VariantName = "[No Variations]"
Change component parameters (AddParameter): Name = "CreationDate"; Value = "31-Mar-16 12:11:50"; VariantName = "[No Variations]"
Change component parameters (AddParameter): Name = "id"; Value = "145"; VariantName = "[No Variations]"
Change component parameters (AddParameter): Name = "Manufacturer"; Value = "TE connectivity"; VariantName = "[No Variations]"
Change component parameters (AddParameter): Name = "ManufacturerCode"; Value = "619540-1"; VariantName = "[No Variations]"
Change component parameters (AddParameter): Name = "MyComment"; Value = "SMA"; VariantName = "[No Variations]"
Change component parameters (AddParameter): Name = "Partname"; Value = "619540-1"; VariantName = "[No Variations]"
Change component parameters (AddParameter): Name = "Supplier 1"; Value = "Farnell"; VariantName = "[No Variations]"
Change component parameters (AddParameter): Name = "Supplier Part Number 1"; Value = "3133848"; VariantName = "[No Variations]"
Change component parameters (AddParameter): Name = "Type"; Value = "SMA"; VariantName = "[No Variations]"
Change component parameters: Designator = "P2" ("P2"); Footprint = "3-1478978-1"; UniqueID = "\FPUVRDES" ("\FPUVRDES")
Change component parameters (AddParameter): Name = "Author"; Value = "EB"; VariantName = "[No Variations]"
Change component parameters (AddParameter): Name = "Checked by"; Value = "Unchecked"; VariantName = "[No Variations]"
Change component parameters (AddParameter): Name = "CreationDate"; Value = "31-Mar-16 12:11:50"; VariantName = "[No Variations]"
Change component parameters (AddParameter): Name = "id"; Value = "145"; VariantName = "[No Variations]"
Change component parameters (AddParameter): Name = "Manufacturer"; Value = "TE connectivity"; VariantName = "[No Variations]"
Change component parameters (AddParameter): Name = "ManufacturerCode"; Value = "619540-1"; VariantName = "[No Variations]"
Change component parameters (AddParameter): Name = "MyComment"; Value = "SMA"; VariantName = "[No Variations]"
Change component parameters (AddParameter): Name = "Partname"; Value = "619540-1"; VariantName = "[No Variations]"
Change component parameters (AddParameter): Name = "Supplier 1"; Value = "Farnell"; VariantName = "[No Variations]"
Change component parameters (AddParameter): Name = "Supplier Part Number 1"; Value = "3133848"; VariantName = "[No Variations]"
Change component parameters (AddParameter): Name = "Type"; Value = "SMA"; VariantName = "[No Variations]"
Change component parameters: Designator = "P3" ("P3"); Footprint = "3-1478978-1"; UniqueID = "\IVOCPXSJ" ("\IVOCPXSJ")
Change component parameters (AddParameter): Name = "Author"; Value = "EB"; VariantName = "[No Variations]"
Change component parameters (AddParameter): Name = "Checked by"; Value = "Unchecked"; VariantName = "[No Variations]"
Change component parameters (AddParameter): Name = "CreationDate"; Value = "31-Mar-16 12:11:50"; VariantName = "[No Variations]"
Change component parameters (AddParameter): Name = "id"; Value = "145"; VariantName = "[No Variations]"
Change component parameters (AddParameter): Name = "Manufacturer"; Value = "TE connectivity"; VariantName = "[No Variations]"
Change component parameters (AddParameter): Name = "ManufacturerCode"; Value = "619540-1"; VariantName = "[No Variations]"
Change component parameters (AddParameter): Name = "MyComment"; Value = "SMA"; VariantName = "[No Variations]"
Change component parameters (AddParameter): Name = "Partname"; Value = "619540-1"; VariantName = "[No Variations]"
Change component parameters (AddParameter): Name = "Supplier 1"; Value = "Farnell"; VariantName = "[No Variations]"
Change component parameters (AddParameter): Name = "Supplier Part Number 1"; Value = "3133848"; VariantName = "[No Variations]"
Change component parameters (AddParameter): Name = "Type"; Value = "SMA"; VariantName = "[No Variations]"
Change component parameters: Designator = "P4" ("P4"); Footprint = "3-1478978-1"; UniqueID = "\JJVRCPBC" ("\JJVRCPBC")
Change component parameters (AddParameter): Name = "Author"; Value = "EB"; VariantName = "[No Variations]"
Change component parameters (AddParameter): Name = "Checked by"; Value = "Unchecked"; VariantName = "[No Variations]"
Change component parameters (AddParameter): Name = "CreationDate"; Value = "31-Mar-16 12:11:50"; VariantName = "[No Variations]"
Change component parameters (AddParameter): Name = "id"; Value = "145"; VariantName = "[No Variations]"
Change component parameters (AddParameter): Name = "Manufacturer"; Value = "TE connectivity"; VariantName = "[No Variations]"
Change component parameters (AddParameter): Name = "ManufacturerCode"; Value = "619540-1"; VariantName = "[No Variations]"
Change component parameters (AddParameter): Name = "MyComment"; Value = "SMA"; VariantName = "[No Variations]"
Change component parameters (AddParameter): Name = "Partname"; Value = "619540-1"; VariantName = "[No Variations]"
Change component parameters (AddParameter): Name = "Supplier 1"; Value = "Farnell"; VariantName = "[No Variations]"
Change component parameters (AddParameter): Name = "Supplier Part Number 1"; Value = "3133848"; VariantName = "[No Variations]"
Change component parameters (AddParameter): Name = "Type"; Value = "SMA"; VariantName = "[No Variations]"
Change component parameters: Designator = "P5" ("P5"); Footprint = "3-1478978-1"; UniqueID = "\EWSTWYNB" ("\EWSTWYNB")
Change component parameters (AddParameter): Name = "Author"; Value = "EB"; VariantName = "[No Variations]"
Change component parameters (AddParameter): Name = "Checked by"; Value = "Unchecked"; VariantName = "[No Variations]"
Change component parameters (AddParameter): Name = "CreationDate"; Value = "31-Mar-16 12:11:50"; VariantName = "[No Variations]"
Change component parameters (AddParameter): Name = "id"; Value = "145"; VariantName = "[No Variations]"
Change component parameters (AddParameter): Name = "Manufacturer"; Value = "TE connectivity"; VariantName = "[No Variations]"
Change component parameters (AddParameter): Name = "ManufacturerCode"; Value = "619540-1"; VariantName = "[No Variations]"
Change component parameters (AddParameter): Name = "MyComment"; Value = "SMA"; VariantName = "[No Variations]"
Change component parameters (AddParameter): Name = "Partname"; Value = "619540-1"; VariantName = "[No Variations]"
Change component parameters (AddParameter): Name = "Supplier 1"; Value = "Farnell"; VariantName = "[No Variations]"
Change component parameters (AddParameter): Name = "Supplier Part Number 1"; Value = "3133848"; VariantName = "[No Variations]"
Change component parameters (AddParameter): Name = "Type"; Value = "SMA"; VariantName = "[No Variations]"
Change component parameters: Designator = "P6" ("P6"); Footprint = "3-1478978-1"; UniqueID = "\NBNOGMLZ" ("\NBNOGMLZ")
Change component parameters (AddParameter): Name = "Author"; Value = "EB"; VariantName = "[No Variations]"
Change component parameters (AddParameter): Name = "Checked by"; Value = "Unchecked"; VariantName = "[No Variations]"
Change component parameters (AddParameter): Name = "CreationDate"; Value = "31-Mar-16 12:11:50"; VariantName = "[No Variations]"
Change component parameters (AddParameter): Name = "id"; Value = "145"; VariantName = "[No Variations]"
Change component parameters (AddParameter): Name = "Manufacturer"; Value = "TE connectivity"; VariantName = "[No Variations]"
Change component parameters (AddParameter): Name = "ManufacturerCode"; Value = "619540-1"; VariantName = "[No Variations]"
Change component parameters (AddParameter): Name = "MyComment"; Value = "SMA"; VariantName = "[No Variations]"
Change component parameters (AddParameter): Name = "Partname"; Value = "619540-1"; VariantName = "[No Variations]"
Change component parameters (AddParameter): Name = "Supplier 1"; Value = "Farnell"; VariantName = "[No Variations]"
Change component parameters (AddParameter): Name = "Supplier Part Number 1"; Value = "3133848"; VariantName = "[No Variations]"
Change component parameters (AddParameter): Name = "Type"; Value = "SMA"; VariantName = "[No Variations]"
Change component parameters: Designator = "P7" ("P7"); Footprint = "3-1478978-1"; UniqueID = "\QBHQKSLP" ("\QBHQKSLP")
Change component parameters (AddParameter): Name = "Author"; Value = "EB"; VariantName = "[No Variations]"
Change component parameters (AddParameter): Name = "Checked by"; Value = "Unchecked"; VariantName = "[No Variations]"
Change component parameters (AddParameter): Name = "CreationDate"; Value = "31-Mar-16 12:11:50"; VariantName = "[No Variations]"
Change component parameters (AddParameter): Name = "id"; Value = "145"; VariantName = "[No Variations]"
Change component parameters (AddParameter): Name = "Manufacturer"; Value = "TE connectivity"; VariantName = "[No Variations]"
Change component parameters (AddParameter): Name = "ManufacturerCode"; Value = "619540-1"; VariantName = "[No Variations]"
Change component parameters (AddParameter): Name = "MyComment"; Value = "SMA"; VariantName = "[No Variations]"
Change component parameters (AddParameter): Name = "Partname"; Value = "619540-1"; VariantName = "[No Variations]"
Change component parameters (AddParameter): Name = "Supplier 1"; Value = "Farnell"; VariantName = "[No Variations]"
Change component parameters (AddParameter): Name = "Supplier Part Number 1"; Value = "3133848"; VariantName = "[No Variations]"
Change component parameters (AddParameter): Name = "Type"; Value = "SMA"; VariantName = "[No Variations]"
Change component parameters: Designator = "P8" ("P8"); Footprint = "3-1478978-1"; UniqueID = "\DXQSICAG" ("\DXQSICAG")
Change component parameters (AddParameter): Name = "Author"; Value = "EB"; VariantName = "[No Variations]"
Change component parameters (AddParameter): Name = "Checked by"; Value = "Unchecked"; VariantName = "[No Variations]"
Change component parameters (AddParameter): Name = "CreationDate"; Value = "31-Mar-16 12:11:50"; VariantName = "[No Variations]"
Change component parameters (AddParameter): Name = "id"; Value = "145"; VariantName = "[No Variations]"
Change component parameters (AddParameter): Name = "Manufacturer"; Value = "TE connectivity"; VariantName = "[No Variations]"
Change component parameters (AddParameter): Name = "ManufacturerCode"; Value = "619540-1"; VariantName = "[No Variations]"
Change component parameters (AddParameter): Name = "MyComment"; Value = "SMA"; VariantName = "[No Variations]"
Change component parameters (AddParameter): Name = "Partname"; Value = "619540-1"; VariantName = "[No Variations]"
Change component parameters (AddParameter): Name = "Supplier 1"; Value = "Farnell"; VariantName = "[No Variations]"
Change component parameters (AddParameter): Name = "Supplier Part Number 1"; Value = "3133848"; VariantName = "[No Variations]"
Change component parameters (AddParameter): Name = "Type"; Value = "SMA"; VariantName = "[No Variations]"
Change component parameters: Designator = "R1" ("R1"); Footprint = "res0603MD"; UniqueID = "\SRDRAFZG" ("\SRDRAFZG")
Change component parameters (AddParameter): Name = "Author"; Value = "EB"; VariantName = "[No Variations]"
Change component parameters (AddParameter): Name = "Checked by"; Value = "Unchecked"; VariantName = "[No Variations]"
Change component parameters (AddParameter): Name = "CreationDate"; Value = "30-Mar-16 10:33:13"; VariantName = "[No Variations]"
Change component parameters (AddParameter): Name = "id"; Value = "536"; VariantName = "[No Variations]"
Change component parameters (AddParameter): Name = "MyComment"; Value = "2R"; VariantName = "[No Variations]"
Change component parameters (AddParameter): Name = "Partname"; Value = "Res0603MD_2R_1%"; VariantName = "[No Variations]"
Change component parameters (AddParameter): Name = "Precision"; Value = "1%"; VariantName = "[No Variations]"
Change component parameters (AddParameter): Name = "Resistance"; Value = "2R"; VariantName = "[No Variations]"
Change component parameters (AddParameter): Name = "Supplier 1"; Value = "Farnell"; VariantName = "[No Variations]"
Change component parameters (AddParameter): Name = "Supplier Part Number 1"; Value = "2447327"; VariantName = "[No Variations]"
Change component parameters: Designator = "R15" ("R15"); Footprint = "res0603MD"; UniqueID = "\NHKAHULF" ("\NHKAHULF")
Change component parameters (AddParameter): Name = "Author"; Value = "EB"; VariantName = "[No Variations]"
Change component parameters (AddParameter): Name = "Checked by"; Value = "Unchecked"; VariantName = "[No Variations]"
Change component parameters (AddParameter): Name = "CreationDate"; Value = "30-Mar-16 10:33:13"; VariantName = "[No Variations]"
Change component parameters (AddParameter): Name = "id"; Value = "536"; VariantName = "[No Variations]"
Change component parameters (AddParameter): Name = "MyComment"; Value = "2R"; VariantName = "[No Variations]"
Change component parameters (AddParameter): Name = "Partname"; Value = "Res0603MD_2R_1%"; VariantName = "[No Variations]"
Change component parameters (AddParameter): Name = "Precision"; Value = "1%"; VariantName = "[No Variations]"
Change component parameters (AddParameter): Name = "Resistance"; Value = "2R"; VariantName = "[No Variations]"
Change component parameters (AddParameter): Name = "Supplier 1"; Value = "Farnell"; VariantName = "[No Variations]"
Change component parameters (AddParameter): Name = "Supplier Part Number 1"; Value = "2447327"; VariantName = "[No Variations]"
Change component parameters: Designator = "R16" ("R16"); Footprint = "res0603MD"; UniqueID = "\FYMBTXAU" ("\FYMBTXAU")
Change component parameters (AddParameter): Name = "Author"; Value = "EB"; VariantName = "[No Variations]"
Change component parameters (AddParameter): Name = "Checked by"; Value = "Unchecked"; VariantName = "[No Variations]"
Change component parameters (AddParameter): Name = "CreationDate"; Value = "30-Mar-16 10:33:13"; VariantName = "[No Variations]"
Change component parameters (AddParameter): Name = "id"; Value = "536"; VariantName = "[No Variations]"
Change component parameters (AddParameter): Name = "MyComment"; Value = "2R"; VariantName = "[No Variations]"
Change component parameters (AddParameter): Name = "Partname"; Value = "Res0603MD_2R_1%"; VariantName = "[No Variations]"
Change component parameters (AddParameter): Name = "Precision"; Value = "1%"; VariantName = "[No Variations]"
Change component parameters (AddParameter): Name = "Resistance"; Value = "2R"; VariantName = "[No Variations]"
Change component parameters (AddParameter): Name = "Supplier 1"; Value = "Farnell"; VariantName = "[No Variations]"
Change component parameters (AddParameter): Name = "Supplier Part Number 1"; Value = "2447327"; VariantName = "[No Variations]"
Change component parameters: Designator = "R19" ("R19"); Footprint = "res0603MD"; UniqueID = "\DKBGUKDQ" ("\DKBGUKDQ")
Change component parameters (AddParameter): Name = "Author"; Value = "EB"; VariantName = "[No Variations]"
Change component parameters (AddParameter): Name = "Checked by"; Value = "Unchecked"; VariantName = "[No Variations]"
Change component parameters (AddParameter): Name = "CreationDate"; Value = "30-Mar-16 10:33:13"; VariantName = "[No Variations]"
Change component parameters (AddParameter): Name = "id"; Value = "536"; VariantName = "[No Variations]"
Change component parameters (AddParameter): Name = "MyComment"; Value = "2R"; VariantName = "[No Variations]"
Change component parameters (AddParameter): Name = "Partname"; Value = "Res0603MD_2R_1%"; VariantName = "[No Variations]"
Change component parameters (AddParameter): Name = "Precision"; Value = "1%"; VariantName = "[No Variations]"
Change component parameters (AddParameter): Name = "Resistance"; Value = "2R"; VariantName = "[No Variations]"
Change component parameters (AddParameter): Name = "Supplier 1"; Value = "Farnell"; VariantName = "[No Variations]"
Change component parameters (AddParameter): Name = "Supplier Part Number 1"; Value = "2447327"; VariantName = "[No Variations]"
Change component parameters: Designator = "R20" ("R20"); Footprint = "res0603MD"; UniqueID = "\LDPXCVLW" ("\LDPXCVLW")
Change component parameters (AddParameter): Name = "Author"; Value = "EB"; VariantName = "[No Variations]"
Change component parameters (AddParameter): Name = "Checked by"; Value = "Unchecked"; VariantName = "[No Variations]"
Change component parameters (AddParameter): Name = "CreationDate"; Value = "30-Mar-16 10:33:13"; VariantName = "[No Variations]"
Change component parameters (AddParameter): Name = "id"; Value = "536"; VariantName = "[No Variations]"
Change component parameters (AddParameter): Name = "MyComment"; Value = "2R"; VariantName = "[No Variations]"
Change component parameters (AddParameter): Name = "Partname"; Value = "Res0603MD_2R_1%"; VariantName = "[No Variations]"
Change component parameters (AddParameter): Name = "Precision"; Value = "1%"; VariantName = "[No Variations]"
Change component parameters (AddParameter): Name = "Resistance"; Value = "2R"; VariantName = "[No Variations]"
Change component parameters (AddParameter): Name = "Supplier 1"; Value = "Farnell"; VariantName = "[No Variations]"
Change component parameters (AddParameter): Name = "Supplier Part Number 1"; Value = "2447327"; VariantName = "[No Variations]"
Change component parameters: Designator = "R22" ("R22"); Footprint = "res0603MD"; UniqueID = "\SAOQVNFR" ("\SAOQVNFR")
Change component parameters (AddParameter): Name = "Author"; Value = "EB"; VariantName = "[No Variations]"
Change component parameters (AddParameter): Name = "Checked by"; Value = "Unchecked"; VariantName = "[No Variations]"
Change component parameters (AddParameter): Name = "CreationDate"; Value = "30-Mar-16 10:33:13"; VariantName = "[No Variations]"
Change component parameters (AddParameter): Name = "id"; Value = "536"; VariantName = "[No Variations]"
Change component parameters (AddParameter): Name = "MyComment"; Value = "2R"; VariantName = "[No Variations]"
Change component parameters (AddParameter): Name = "Partname"; Value = "Res0603MD_2R_1%"; VariantName = "[No Variations]"
Change component parameters (AddParameter): Name = "Precision"; Value = "1%"; VariantName = "[No Variations]"
Change component parameters (AddParameter): Name = "Resistance"; Value = "2R"; VariantName = "[No Variations]"
Change component parameters (AddParameter): Name = "Supplier 1"; Value = "Farnell"; VariantName = "[No Variations]"
Change component parameters (AddParameter): Name = "Supplier Part Number 1"; Value = "2447327"; VariantName = "[No Variations]"
Change component parameters: Designator = "R24" ("R24"); Footprint = "res0603MD"; UniqueID = "\CZOMMDUL" ("\CZOMMDUL")
Change component parameters (AddParameter): Name = "Author"; Value = "EB"; VariantName = "[No Variations]"
Change component parameters (AddParameter): Name = "Checked by"; Value = "Unchecked"; VariantName = "[No Variations]"
Change component parameters (AddParameter): Name = "CreationDate"; Value = "30-Mar-16 10:33:13"; VariantName = "[No Variations]"
Change component parameters (AddParameter): Name = "id"; Value = "536"; VariantName = "[No Variations]"
Change component parameters (AddParameter): Name = "MyComment"; Value = "2R"; VariantName = "[No Variations]"
Change component parameters (AddParameter): Name = "Partname"; Value = "Res0603MD_2R_1%"; VariantName = "[No Variations]"
Change component parameters (AddParameter): Name = "Precision"; Value = "1%"; VariantName = "[No Variations]"
Change component parameters (AddParameter): Name = "Resistance"; Value = "2R"; VariantName = "[No Variations]"
Change component parameters (AddParameter): Name = "Supplier 1"; Value = "Farnell"; VariantName = "[No Variations]"
Change component parameters (AddParameter): Name = "Supplier Part Number 1"; Value = "2447327"; VariantName = "[No Variations]"
Change component parameters: Designator = "R25" ("R25"); Footprint = "res0603MD"; UniqueID = "\IHRYLHGI" ("\IHRYLHGI")
Change component parameters (AddParameter): Name = "Author"; Value = "EB"; VariantName = "[No Variations]"
Change component parameters (AddParameter): Name = "Checked by"; Value = "Unchecked"; VariantName = "[No Variations]"
Change component parameters (AddParameter): Name = "CreationDate"; Value = "30-Mar-16 10:33:13"; VariantName = "[No Variations]"
Change component parameters (AddParameter): Name = "id"; Value = "536"; VariantName = "[No Variations]"
Change component parameters (AddParameter): Name = "MyComment"; Value = "2R"; VariantName = "[No Variations]"
Change component parameters (AddParameter): Name = "Partname"; Value = "Res0603MD_2R_1%"; VariantName = "[No Variations]"
Change component parameters (AddParameter): Name = "Precision"; Value = "1%"; VariantName = "[No Variations]"
Change component parameters (AddParameter): Name = "Resistance"; Value = "2R"; VariantName = "[No Variations]"
Change component parameters (AddParameter): Name = "Supplier 1"; Value = "Farnell"; VariantName = "[No Variations]"
Change component parameters (AddParameter): Name = "Supplier Part Number 1"; Value = "2447327"; VariantName = "[No Variations]"
Change component parameters: Designator = "R26" ("R26"); Footprint = "res0603MD"; UniqueID = "\GOEXCBPT" ("\GOEXCBPT")
Change component parameters (AddParameter): Name = "Author"; Value = "EB"; VariantName = "[No Variations]"
Change component parameters (AddParameter): Name = "Checked by"; Value = "Unchecked"; VariantName = "[No Variations]"
Change component parameters (AddParameter): Name = "CreationDate"; Value = "30-Mar-16 10:33:13"; VariantName = "[No Variations]"
Change component parameters (AddParameter): Name = "id"; Value = "536"; VariantName = "[No Variations]"
Change component parameters (AddParameter): Name = "MyComment"; Value = "2R"; VariantName = "[No Variations]"
Change component parameters (AddParameter): Name = "Partname"; Value = "Res0603MD_2R_1%"; VariantName = "[No Variations]"
Change component parameters (AddParameter): Name = "Precision"; Value = "1%"; VariantName = "[No Variations]"
Change component parameters (AddParameter): Name = "Resistance"; Value = "2R"; VariantName = "[No Variations]"
Change component parameters (AddParameter): Name = "Supplier 1"; Value = "Farnell"; VariantName = "[No Variations]"
Change component parameters (AddParameter): Name = "Supplier Part Number 1"; Value = "2447327"; VariantName = "[No Variations]"
Change component parameters: Designator = "R31" ("R31"); Footprint = "res0603MD"; UniqueID = "\GPQZIFFM" ("\GPQZIFFM")
Change component parameters (AddParameter): Name = "Author"; Value = "EB"; VariantName = "[No Variations]"
Change component parameters (AddParameter): Name = "Checked by"; Value = "Unchecked"; VariantName = "[No Variations]"
Change component parameters (AddParameter): Name = "CreationDate"; Value = "30-Mar-16 10:33:13"; VariantName = "[No Variations]"
Change component parameters (AddParameter): Name = "id"; Value = "536"; VariantName = "[No Variations]"
Change component parameters (AddParameter): Name = "MyComment"; Value = "2R"; VariantName = "[No Variations]"
Change component parameters (AddParameter): Name = "Partname"; Value = "Res0603MD_2R_1%"; VariantName = "[No Variations]"
Change component parameters (AddParameter): Name = "Precision"; Value = "1%"; VariantName = "[No Variations]"
Change component parameters (AddParameter): Name = "Resistance"; Value = "2R"; VariantName = "[No Variations]"
Change component parameters (AddParameter): Name = "Supplier 1"; Value = "Farnell"; VariantName = "[No Variations]"
Change component parameters (AddParameter): Name = "Supplier Part Number 1"; Value = "2447327"; VariantName = "[No Variations]"
Change component parameters: Designator = "R33" ("R33"); Footprint = "res0603MD"; UniqueID = "\AUWAMFJL" ("\AUWAMFJL")
Change component parameters (AddParameter): Name = "Author"; Value = "EB"; VariantName = "[No Variations]"
Change component parameters (AddParameter): Name = "Checked by"; Value = "Unchecked"; VariantName = "[No Variations]"
Change component parameters (AddParameter): Name = "CreationDate"; Value = "30-Mar-16 10:33:13"; VariantName = "[No Variations]"
Change component parameters (AddParameter): Name = "id"; Value = "536"; VariantName = "[No Variations]"
Change component parameters (AddParameter): Name = "MyComment"; Value = "2R"; VariantName = "[No Variations]"
Change component parameters (AddParameter): Name = "Partname"; Value = "Res0603MD_2R_1%"; VariantName = "[No Variations]"
Change component parameters (AddParameter): Name = "Precision"; Value = "1%"; VariantName = "[No Variations]"
Change component parameters (AddParameter): Name = "Resistance"; Value = "2R"; VariantName = "[No Variations]"
Change component parameters (AddParameter): Name = "Supplier 1"; Value = "Farnell"; VariantName = "[No Variations]"
Change component parameters (AddParameter): Name = "Supplier Part Number 1"; Value = "2447327"; VariantName = "[No Variations]"
Change component parameters: Designator = "R34" ("R34"); Footprint = "res0603MD"; UniqueID = "\EASWHENN" ("\EASWHENN")
Change component parameters (AddParameter): Name = "Author"; Value = "EB"; VariantName = "[No Variations]"
Change component parameters (AddParameter): Name = "Checked by"; Value = "Unchecked"; VariantName = "[No Variations]"
Change component parameters (AddParameter): Name = "CreationDate"; Value = "30-Mar-16 10:33:13"; VariantName = "[No Variations]"
Change component parameters (AddParameter): Name = "id"; Value = "536"; VariantName = "[No Variations]"
Change component parameters (AddParameter): Name = "MyComment"; Value = "2R"; VariantName = "[No Variations]"
Change component parameters (AddParameter): Name = "Partname"; Value = "Res0603MD_2R_1%"; VariantName = "[No Variations]"
Change component parameters (AddParameter): Name = "Precision"; Value = "1%"; VariantName = "[No Variations]"
Change component parameters (AddParameter): Name = "Resistance"; Value = "2R"; VariantName = "[No Variations]"
Change component parameters (AddParameter): Name = "Supplier 1"; Value = "Farnell"; VariantName = "[No Variations]"
Change component parameters (AddParameter): Name = "Supplier Part Number 1"; Value = "2447327"; VariantName = "[No Variations]"
Change component parameters: Designator = "R35" ("R35"); Footprint = "res0603MD"; UniqueID = "\BEYQHSCM" ("\BEYQHSCM")
Change component parameters (AddParameter): Name = "Author"; Value = "EB"; VariantName = "[No Variations]"
Change component parameters (AddParameter): Name = "Checked by"; Value = "Unchecked"; VariantName = "[No Variations]"
Change component parameters (AddParameter): Name = "CreationDate"; Value = "30-Mar-16 10:33:13"; VariantName = "[No Variations]"
Change component parameters (AddParameter): Name = "id"; Value = "536"; VariantName = "[No Variations]"
Change component parameters (AddParameter): Name = "MyComment"; Value = "2R"; VariantName = "[No Variations]"
Change component parameters (AddParameter): Name = "Partname"; Value = "Res0603MD_2R_1%"; VariantName = "[No Variations]"
Change component parameters (AddParameter): Name = "Precision"; Value = "1%"; VariantName = "[No Variations]"
Change component parameters (AddParameter): Name = "Resistance"; Value = "2R"; VariantName = "[No Variations]"
Change component parameters (AddParameter): Name = "Supplier 1"; Value = "Farnell"; VariantName = "[No Variations]"
Change component parameters (AddParameter): Name = "Supplier Part Number 1"; Value = "2447327"; VariantName = "[No Variations]"
Change component parameters: Designator = "R39" ("R39"); Footprint = "res0603MD"; UniqueID = "\GDZVWOMU" ("\GDZVWOMU")
Change component parameters (AddParameter): Name = "Author"; Value = "EB"; VariantName = "[No Variations]"
Change component parameters (AddParameter): Name = "Checked by"; Value = "Unchecked"; VariantName = "[No Variations]"
Change component parameters (AddParameter): Name = "CreationDate"; Value = "30-Mar-16 10:33:13"; VariantName = "[No Variations]"
Change component parameters (AddParameter): Name = "id"; Value = "536"; VariantName = "[No Variations]"
Change component parameters (AddParameter): Name = "MyComment"; Value = "2R"; VariantName = "[No Variations]"
Change component parameters (AddParameter): Name = "Partname"; Value = "Res0603MD_2R_1%"; VariantName = "[No Variations]"
Change component parameters (AddParameter): Name = "Precision"; Value = "1%"; VariantName = "[No Variations]"
Change component parameters (AddParameter): Name = "Resistance"; Value = "2R"; VariantName = "[No Variations]"
Change component parameters (AddParameter): Name = "Supplier 1"; Value = "Farnell"; VariantName = "[No Variations]"
Change component parameters (AddParameter): Name = "Supplier Part Number 1"; Value = "2447327"; VariantName = "[No Variations]"
Change component parameters: Designator = "R41" ("R41"); Footprint = "res0603MD"; UniqueID = "\STVBYNBJ" ("\STVBYNBJ")
Change component parameters (AddParameter): Name = "Author"; Value = "EB"; VariantName = "[No Variations]"
Change component parameters (AddParameter): Name = "Checked by"; Value = "Unchecked"; VariantName = "[No Variations]"
Change component parameters (AddParameter): Name = "CreationDate"; Value = "30-Mar-16 10:33:13"; VariantName = "[No Variations]"
Change component parameters (AddParameter): Name = "id"; Value = "536"; VariantName = "[No Variations]"
Change component parameters (AddParameter): Name = "MyComment"; Value = "2R"; VariantName = "[No Variations]"
Change component parameters (AddParameter): Name = "Partname"; Value = "Res0603MD_2R_1%"; VariantName = "[No Variations]"
Change component parameters (AddParameter): Name = "Precision"; Value = "1%"; VariantName = "[No Variations]"
Change component parameters (AddParameter): Name = "Resistance"; Value = "2R"; VariantName = "[No Variations]"
Change component parameters (AddParameter): Name = "Supplier 1"; Value = "Farnell"; VariantName = "[No Variations]"
Change component parameters (AddParameter): Name = "Supplier Part Number 1"; Value = "2447327"; VariantName = "[No Variations]"
Change component parameters: Designator = "R42" ("R42"); Footprint = "res0603MD"; UniqueID = "\FDNNETEZ" ("\FDNNETEZ")
Change component parameters (AddParameter): Name = "Author"; Value = "EB"; VariantName = "[No Variations]"
Change component parameters (AddParameter): Name = "Checked by"; Value = "Unchecked"; VariantName = "[No Variations]"
Change component parameters (AddParameter): Name = "CreationDate"; Value = "30-Mar-16 10:33:13"; VariantName = "[No Variations]"
Change component parameters (AddParameter): Name = "id"; Value = "536"; VariantName = "[No Variations]"
Change component parameters (AddParameter): Name = "MyComment"; Value = "2R"; VariantName = "[No Variations]"
Change component parameters (AddParameter): Name = "Partname"; Value = "Res0603MD_2R_1%"; VariantName = "[No Variations]"
Change component parameters (AddParameter): Name = "Precision"; Value = "1%"; VariantName = "[No Variations]"
Change component parameters (AddParameter): Name = "Resistance"; Value = "2R"; VariantName = "[No Variations]"
Change component parameters (AddParameter): Name = "Supplier 1"; Value = "Farnell"; VariantName = "[No Variations]"
Change component parameters (AddParameter): Name = "Supplier Part Number 1"; Value = "2447327"; VariantName = "[No Variations]"
Change component parameters: Designator = "R43" ("R43"); Footprint = "res0603MD"; UniqueID = "\GTVHNPRG" ("\GTVHNPRG")
Change component parameters (AddParameter): Name = "Author"; Value = "EB"; VariantName = "[No Variations]"
Change component parameters (AddParameter): Name = "Checked by"; Value = "Unchecked"; VariantName = "[No Variations]"
Change component parameters (AddParameter): Name = "CreationDate"; Value = "30-Mar-16 10:33:13"; VariantName = "[No Variations]"
Change component parameters (AddParameter): Name = "id"; Value = "536"; VariantName = "[No Variations]"
Change component parameters (AddParameter): Name = "MyComment"; Value = "2R"; VariantName = "[No Variations]"
Change component parameters (AddParameter): Name = "Partname"; Value = "Res0603MD_2R_1%"; VariantName = "[No Variations]"
Change component parameters (AddParameter): Name = "Precision"; Value = "1%"; VariantName = "[No Variations]"
Change component parameters (AddParameter): Name = "Resistance"; Value = "2R"; VariantName = "[No Variations]"
Change component parameters (AddParameter): Name = "Supplier 1"; Value = "Farnell"; VariantName = "[No Variations]"
Change component parameters (AddParameter): Name = "Supplier Part Number 1"; Value = "2447327"; VariantName = "[No Variations]"
Change component parameters: Designator = "R48" ("R48"); Footprint = "res0603MD"; UniqueID = "\NPHWLEHH" ("\NPHWLEHH")
Change component parameters (AddParameter): Name = "Author"; Value = "EB"; VariantName = "[No Variations]"
Change component parameters (AddParameter): Name = "Checked by"; Value = "Unchecked"; VariantName = "[No Variations]"
Change component parameters (AddParameter): Name = "CreationDate"; Value = "30-Mar-16 10:33:13"; VariantName = "[No Variations]"
Change component parameters (AddParameter): Name = "id"; Value = "536"; VariantName = "[No Variations]"
Change component parameters (AddParameter): Name = "MyComment"; Value = "2R"; VariantName = "[No Variations]"
Change component parameters (AddParameter): Name = "Partname"; Value = "Res0603MD_2R_1%"; VariantName = "[No Variations]"
Change component parameters (AddParameter): Name = "Precision"; Value = "1%"; VariantName = "[No Variations]"
Change component parameters (AddParameter): Name = "Resistance"; Value = "2R"; VariantName = "[No Variations]"
Change component parameters (AddParameter): Name = "Supplier 1"; Value = "Farnell"; VariantName = "[No Variations]"
Change component parameters (AddParameter): Name = "Supplier Part Number 1"; Value = "2447327"; VariantName = "[No Variations]"
Change component parameters: Designator = "R49" ("R49"); Footprint = "res0603MD"; UniqueID = "\JKOVIPSF" ("\JKOVIPSF")
Change component parameters (AddParameter): Name = "Author"; Value = "EB"; VariantName = "[No Variations]"
Change component parameters (AddParameter): Name = "Checked by"; Value = "Unchecked"; VariantName = "[No Variations]"
Change component parameters (AddParameter): Name = "CreationDate"; Value = "30-Mar-16 10:33:13"; VariantName = "[No Variations]"
Change component parameters (AddParameter): Name = "id"; Value = "536"; VariantName = "[No Variations]"
Change component parameters (AddParameter): Name = "MyComment"; Value = "2R"; VariantName = "[No Variations]"
Change component parameters (AddParameter): Name = "Partname"; Value = "Res0603MD_2R_1%"; VariantName = "[No Variations]"
Change component parameters (AddParameter): Name = "Precision"; Value = "1%"; VariantName = "[No Variations]"
Change component parameters (AddParameter): Name = "Resistance"; Value = "2R"; VariantName = "[No Variations]"
Change component parameters (AddParameter): Name = "Supplier 1"; Value = "Farnell"; VariantName = "[No Variations]"
Change component parameters (AddParameter): Name = "Supplier Part Number 1"; Value = "2447327"; VariantName = "[No Variations]"
