Add Component: Footprint Not Found SOIC127P1030X265-16N
Added Component: Designator=U100(SOIC127P1030X265-16N)
Add component (AddParameter): Name = "Author"; Value = "Twe"; VariantName = "[No Variations]"
Add component (AddParameter): Name = "Checked by"; Value = "PCB"; VariantName = "[No Variations]"
Add component (AddParameter): Name = "CreationDate"; Value = "01-May-16 12:34:09"; VariantName = "[No Variations]"
Add component (AddParameter): Name = "id"; Value = "4"; VariantName = "[No Variations]"
Add component (AddParameter): Name = "Manufacturer"; Value = "Maxim"; VariantName = "[No Variations]"
Add component (AddParameter): Name = "ManufacturerCode"; Value = "DS3231SN#"; VariantName = "[No Variations]"
Add component (AddParameter): Name = "MyComment"; Value = "DS3231"; VariantName = "[No Variations]"
Add component (AddParameter): Name = "Partname"; Value = "DS3231"; VariantName = "[No Variations]"
Add component (AddParameter): Name = "Supplier 1"; Value = "Farnell"; VariantName = "[No Variations]"
Add component (AddParameter): Name = "Supplier Part Number 1"; Value = "1593292"; VariantName = "[No Variations]"
Add component (AddParameter): Name = "Type"; Value = "RTC"; VariantName = "[No Variations]"
Add Pin To Net: Unknown Pin: Pin U14-1
Add Pin To Net: Unknown Pin: Pin U14-2
Add Pin To Net: Unknown Pin: Pin U14-3
Add Pin To Net: Unknown Pin: Pin U14-4
Add Pin To Net: Unknown Pin: Pin U14-5
Add Pin To Net: Unknown Pin: Pin U14-6
Add Pin To Net: Unknown Pin: Pin U14-7
Add Pin To Net: Unknown Pin: Pin U14-8
Add Pin To Net: Unknown Pin: Pin U14-10
Add Pin To Net: Unknown Pin: Pin U14-11
Add Pin To Net: Unknown Pin: Pin U14-13
Add Pin To Net: Unknown Pin: Pin U14-15
Add Pin To Net: Unknown Pin: Pin U14-17
Add Pin To Net: Unknown Pin: Pin U14-20
Added Pin To Net: NetName=NetS1_6 Pin=S1-6
Added Net: Name=NetS1_6
Added Pin To Net: NetName=NetS1_7 Pin=S1-7
Added Net: Name=NetS1_7
Added Pin To Net: NetName=NetS1_8 Pin=S1-8
Added Net: Name=NetS1_8
Added Pin To Net: NetName=NetS1_9 Pin=S1-9
Added Net: Name=NetS1_9
Added Pin To Net: NetName=NetS1_10 Pin=S1-10
Added Net: Name=NetS1_10
Added Pin To Net: NetName=NetU14_19 Pin=U17-58
Added Net: Name=NetU14_19
Add Class Member: Failed to add class member : Component U14 SN74HC688PWR
Added Member To Class: ClassName=DAC7828_main Member=Component U100 DS3231
