Add Component: Footprint Not Found SOIC127P1030X265-20N
Added Component: Designator=U100(SOIC127P1030X265-20N)
Add component (AddParameter): Name = "Author"; Value = "EB"; VariantName = "[No Variations]"
Add component (AddParameter): Name = "Checked by"; Value = "Unchecked"; VariantName = "[No Variations]"
Add component (AddParameter): Name = "CreationDate"; Value = "12-Jul-22 12:33:51"; VariantName = "[No Variations]"
Add component (AddParameter): Name = "id"; Value = "193"; VariantName = "[No Variations]"
Add component (AddParameter): Name = "MyComment"; Value = "74SN688"; VariantName = "[No Variations]"
Add component (AddParameter): Name = "Partname"; Value = "74SN688"; VariantName = "[No Variations]"
Add component (AddParameter): Name = "Supplier 1"; Value = "Farnell"; VariantName = "[No Variations]"
Add component (AddParameter): Name = "Type"; Value = "Logic"; VariantName = "[No Variations]"
Add Pin To Net: Unknown Pin: Pin U14-1
Add Pin To Net: Unknown Pin: Pin U14-2
Add Pin To Net: Unknown Pin: Pin U14-3
Add Pin To Net: Unknown Pin: Pin U14-4
Add Pin To Net: Unknown Pin: Pin U14-5
Add Pin To Net: Unknown Pin: Pin U14-6
Add Pin To Net: Unknown Pin: Pin U14-7
Add Pin To Net: Unknown Pin: Pin U14-8
Add Pin To Net: Unknown Pin: Pin U14-9
Add Pin To Net: Unknown Pin: Pin U14-10
Add Pin To Net: Unknown Pin: Pin U14-11
Add Pin To Net: Unknown Pin: Pin U14-12
Add Pin To Net: Unknown Pin: Pin U14-13
Add Pin To Net: Unknown Pin: Pin U14-14
Add Pin To Net: Unknown Pin: Pin U14-15
Add Pin To Net: Unknown Pin: Pin U14-16
Add Pin To Net: Unknown Pin: Pin U14-17
Add Pin To Net: Unknown Pin: Pin U14-18
Add Pin To Net: Unknown Pin: Pin U14-19
Add Pin To Net: Unknown Pin: Pin U14-20
Add Class Member: Failed to add class member : Component U14 SN74HC688PWR
Added Member To Class: ClassName=DAC7828_main Member=Component U100 74SN688
