Removed Pin From Net: NetName=DGND Pin=U14-1
Removed Pin From Net: NetName=STROBE Pin=U14-2
Removed Pin From Net: NetName=+5V Pin=U14-3
Removed Pin From Net: NetName=DGND Pin=U14-4
Removed Pin From Net: NetName=DGND Pin=U14-5
Removed Pin From Net: NetName=DGND Pin=U14-6
Removed Pin From Net: NetName=DGND Pin=U14-7
Removed Pin From Net: NetName=A7 Pin=U14-8
Removed Pin From Net: NetName=NetS1_10 Pin=U14-9
Removed Pin From Net: NetName=DGND Pin=U14-10
Removed Pin From Net: NetName=A6 Pin=U14-11
Removed Pin From Net: NetName=NetS1_9 Pin=U14-12
Removed Pin From Net: NetName=A5 Pin=U14-13
Removed Pin From Net: NetName=NetS1_8 Pin=U14-14
Removed Pin From Net: NetName=A4 Pin=U14-15
Removed Pin From Net: NetName=NetS1_7 Pin=U14-16
Removed Pin From Net: NetName=A3 Pin=U14-17
Removed Pin From Net: NetName=NetS1_6 Pin=U14-18
Removed Pin From Net: NetName=NetU14_19 Pin=U14-19
Removed Pin From Net: NetName=VCC Pin=U14-20
Add Component: Footprint Not Found SOIC127P1030X265-20N
Add Pin To Net: Unknown Pin: Pin U14-1
Add Pin To Net: Unknown Pin: Pin U14-2
Add Pin To Net: Unknown Pin: Pin U14-3
Add Pin To Net: Unknown Pin: Pin U14-4
Add Pin To Net: Unknown Pin: Pin U14-5
Add Pin To Net: Unknown Pin: Pin U14-6
Add Pin To Net: Unknown Pin: Pin U14-7
Add Pin To Net: Unknown Pin: Pin U14-8
Add Pin To Net: Unknown Pin: Pin U14-9
Add Pin To Net: Unknown Pin: Pin U14-10
Add Pin To Net: Unknown Pin: Pin U14-11
Add Pin To Net: Unknown Pin: Pin U14-12
Add Pin To Net: Unknown Pin: Pin U14-13
Add Pin To Net: Unknown Pin: Pin U14-14
Add Pin To Net: Unknown Pin: Pin U14-15
Add Pin To Net: Unknown Pin: Pin U14-16
Add Pin To Net: Unknown Pin: Pin U14-17
Add Pin To Net: Unknown Pin: Pin U14-18
Add Pin To Net: Unknown Pin: Pin U14-19
Add Pin To Net: Unknown Pin: Pin U14-20
